                      :-) GROMACS - gmx mdrun, 2019.6 (-:

                            GROMACS is written by:
     Emile Apol      Rossen Apostolov      Paul Bauer     Herman J.C. Berendsen
    Par Bjelkmar      Christian Blau   Viacheslav Bolnykh     Kevin Boyd    
 Aldert van Buuren   Rudi van Drunen     Anton Feenstra       Alan Gray     
  Gerrit Groenhof     Anca Hamuraru    Vincent Hindriksen  M. Eric Irrgang  
  Aleksei Iupinov   Christoph Junghans     Joe Jordan     Dimitrios Karkoulis
    Peter Kasson        Jiri Kraus      Carsten Kutzner      Per Larsson    
  Justin A. Lemkul    Viveca Lindahl    Magnus Lundborg     Erik Marklund   
    Pascal Merz     Pieter Meulenhoff    Teemu Murtola       Szilard Pall   
    Sander Pronk      Roland Schulz      Michael Shirts    Alexey Shvetsov  
   Alfons Sijbers     Peter Tieleman      Jon Vincent      Teemu Virolainen 
 Christian Wennberg    Maarten Wolf   
                           and the project leaders:
        Mark Abraham, Berk Hess, Erik Lindahl, and David van der Spoel

Copyright (c) 1991-2000, University of Groningen, The Netherlands.
Copyright (c) 2001-2018, The GROMACS development team at
Uppsala University, Stockholm University and
the Royal Institute of Technology, Sweden.
check out http://www.gromacs.org for more information.

GROMACS is free software; you can redistribute it and/or modify it
under the terms of the GNU Lesser General Public License
as published by the Free Software Foundation; either version 2.1
of the License, or (at your option) any later version.

GROMACS:      gmx mdrun, version 2019.6
Executable:   /home/spack/opt/spack/linux-ubuntu18.04-skylake/gcc-8.4.0/gromacs-2019.6-gkkxs3dfjb3uhepjh25f4jnzyu64kciw/bin/gmx_mpi
Data prefix:  /home/spack/opt/spack/linux-ubuntu18.04-skylake/gcc-8.4.0/gromacs-2019.6-gkkxs3dfjb3uhepjh25f4jnzyu64kciw
Working dir:  /work/gromacs
Process ID:   17884
Command line:
  gmx_mpi mdrun -deffnm run -table table

GROMACS version:    2019.6
Precision:          single
Memory model:       64 bit
MPI library:        MPI
OpenMP support:     enabled (GMX_OPENMP_MAX_THREADS = 64)
GPU support:        CUDA
SIMD instructions:  AVX2_256
FFT library:        fftw-3.3.8-sse2-avx-avx2-avx2_128
RDTSCP usage:       enabled
TNG support:        enabled
Hwloc support:      hwloc-1.11.11
Tracing support:    disabled
C compiler:         /home/spack/lib/spack/env/gcc/gcc GNU 8.4.0
C compiler flags:    -mavx2 -mfma -pthread    -O2 -g -DNDEBUG -funroll-all-loops -fexcess-precision=fast  
C++ compiler:       /home/spack/lib/spack/env/gcc/g++ GNU 8.4.0
C++ compiler flags:  -mavx2 -mfma -pthread   -std=c++11   -O2 -g -DNDEBUG -funroll-all-loops -fexcess-precision=fast  
CUDA compiler:      /usr/local/cuda/bin/nvcc nvcc: NVIDIA (R) Cuda compiler driver;Copyright (c) 2005-2019 NVIDIA Corporation;Built on Wed_Oct_23_19:24:38_PDT_2019;Cuda compilation tools, release 10.2, V10.2.89
CUDA compiler flags:-gencode;arch=compute_30,code=sm_30;-gencode;arch=compute_35,code=sm_35;-gencode;arch=compute_37,code=sm_37;-gencode;arch=compute_50,code=sm_50;-gencode;arch=compute_52,code=sm_52;-gencode;arch=compute_60,code=sm_60;-gencode;arch=compute_61,code=sm_61;-gencode;arch=compute_70,code=sm_70;-gencode;arch=compute_75,code=compute_75;-use_fast_math;-D_FORCE_INLINES;; ;-mavx2;-mfma;-pthread;-std=c++11;-O2;-g;-DNDEBUG;-funroll-all-loops;-fexcess-precision=fast;
CUDA driver:        11.0
CUDA runtime:       10.20


Running on 1 node with total 6 cores, 12 logical cores, 1 compatible GPU
Hardware detected on host lap120190 (the node of MPI rank 0):
  CPU info:
    Vendor: Intel
    Brand:  Intel(R) Core(TM) i7-9850H CPU @ 2.60GHz
    Family: 6   Model: 158   Stepping: 13
    Features: aes apic avx avx2 clfsh cmov cx8 cx16 f16c fma htt intel lahf mmx msr nonstop_tsc pcid pclmuldq pdcm pdpe1gb popcnt pse rdrnd rdtscp sse2 sse3 sse4.1 sse4.2 ssse3 tdt x2apic
  Hardware topology: Full, with devices
    Sockets, cores, and logical processors:
      Socket  0: [   0   6] [   1   7] [   2   8] [   3   9] [   4  10] [   5  11]
    Numa nodes:
      Node  0 (33294200832 bytes mem):   0   1   2   3   4   5   6   7   8   9  10  11
      Latency:
               0
         0  1.00
    Caches:
      L1: 32768 bytes, linesize 64 bytes, assoc. 8, shared 2 ways
      L2: 262144 bytes, linesize 64 bytes, assoc. 4, shared 2 ways
      L3: 12582912 bytes, linesize 64 bytes, assoc. 16, shared 12 ways
    PCI devices:
      0000:01:00.0  Id: 10de:1fb9  Class: 0x0302  Numa: 0
      0000:00:02.0  Id: 8086:3e9b  Class: 0x0300  Numa: 0
      0000:00:17.0  Id: 8086:a353  Class: 0x0106  Numa: 0
      0000:3b:00.0  Id: 8086:2723  Class: 0x0280  Numa: 0
      0000:3d:00.0  Id: 1344:5410  Class: 0x0108  Numa: 0
  GPU info:
    Number of GPUs detected: 1
    #0: NVIDIA Quadro T1000, compute cap.: 7.5, ECC:  no, stat: compatible


++++ PLEASE READ AND CITE THE FOLLOWING REFERENCE ++++
M. J. Abraham, T. Murtola, R. Schulz, S. Páll, J. C. Smith, B. Hess, E.
Lindahl
GROMACS: High performance molecular simulations through multi-level
parallelism from laptops to supercomputers
SoftwareX 1 (2015) pp. 19-25
-------- -------- --- Thank You --- -------- --------


++++ PLEASE READ AND CITE THE FOLLOWING REFERENCE ++++
S. Páll, M. J. Abraham, C. Kutzner, B. Hess, E. Lindahl
Tackling Exascale Software Challenges in Molecular Dynamics Simulations with
GROMACS
In S. Markidis & E. Laure (Eds.), Solving Software Challenges for Exascale 8759 (2015) pp. 3-27
-------- -------- --- Thank You --- -------- --------


++++ PLEASE READ AND CITE THE FOLLOWING REFERENCE ++++
S. Pronk, S. Páll, R. Schulz, P. Larsson, P. Bjelkmar, R. Apostolov, M. R.
Shirts, J. C. Smith, P. M. Kasson, D. van der Spoel, B. Hess, and E. Lindahl
GROMACS 4.5: a high-throughput and highly parallel open source molecular
simulation toolkit
Bioinformatics 29 (2013) pp. 845-54
-------- -------- --- Thank You --- -------- --------


++++ PLEASE READ AND CITE THE FOLLOWING REFERENCE ++++
B. Hess and C. Kutzner and D. van der Spoel and E. Lindahl
GROMACS 4: Algorithms for highly efficient, load-balanced, and scalable
molecular simulation
J. Chem. Theory Comput. 4 (2008) pp. 435-447
-------- -------- --- Thank You --- -------- --------


++++ PLEASE READ AND CITE THE FOLLOWING REFERENCE ++++
D. van der Spoel, E. Lindahl, B. Hess, G. Groenhof, A. E. Mark and H. J. C.
Berendsen
GROMACS: Fast, Flexible and Free
J. Comp. Chem. 26 (2005) pp. 1701-1719
-------- -------- --- Thank You --- -------- --------


++++ PLEASE READ AND CITE THE FOLLOWING REFERENCE ++++
E. Lindahl and B. Hess and D. van der Spoel
GROMACS 3.0: A package for molecular simulation and trajectory analysis
J. Mol. Mod. 7 (2001) pp. 306-317
-------- -------- --- Thank You --- -------- --------


++++ PLEASE READ AND CITE THE FOLLOWING REFERENCE ++++
H. J. C. Berendsen, D. van der Spoel and R. van Drunen
GROMACS: A message-passing parallel molecular dynamics implementation
Comp. Phys. Comm. 91 (1995) pp. 43-56
-------- -------- --- Thank You --- -------- --------


++++ PLEASE CITE THE DOI FOR THIS VERSION OF GROMACS ++++
https://doi.org/10.5281/zenodo.3685922
-------- -------- --- Thank You --- -------- --------

NOTE: GPU(s) found, but the current simulation can not use GPUs
      To use a GPU, set the mdp option: cutoff-scheme = Verlet

The number of OpenMP threads was set by environment variable OMP_NUM_THREADS to 1

Input Parameters:
   integrator                     = md
   tinit                          = 0
   dt                             = 0.002
   nsteps                         = 1000000
   init-step                      = 0
   simulation-part                = 1
   comm-mode                      = Linear
   nstcomm                        = 100
   bd-fric                        = 0
   ld-seed                        = 1142356307
   emtol                          = 10
   emstep                         = 0.01
   niter                          = 20
   fcstep                         = 0
   nstcgsteep                     = 1000
   nbfgscorr                      = 10
   rtpi                           = 0.05
   nstxout                        = 5000
   nstvout                        = 0
   nstfout                        = 0
   nstlog                         = 5000
   nstcalcenergy                  = 100
   nstenergy                      = 5000
   nstxout-compressed             = 0
   compressed-x-precision         = 1000
   cutoff-scheme                  = Group
   nstlist                        = 10
   ns-type                        = Grid
   pbc                            = xyz
   periodic-molecules             = false
   verlet-buffer-tolerance        = 0.005
   rlist                          = 0.8
   coulombtype                    = User
   coulomb-modifier               = None
   rcoulomb-switch                = 0
   rcoulomb                       = 0.8
   epsilon-r                      = 1
   epsilon-rf                     = inf
   vdw-type                       = User
   vdw-modifier                   = None
   rvdw-switch                    = 0
   rvdw                           = 0.8
   DispCorr                       = No
   table-extension                = 1
   fourierspacing                 = 0.12
   fourier-nx                     = 0
   fourier-ny                     = 0
   fourier-nz                     = 0
   pme-order                      = 4
   ewald-rtol                     = 1e-05
   ewald-rtol-lj                  = 0.001
   lj-pme-comb-rule               = Geometric
   ewald-geometry                 = 0
   epsilon-surface                = 0
   tcoupl                         = V-rescale
   nsttcouple                     = 10
   nh-chain-length                = 0
   print-nose-hoover-chain-variables = false
   pcoupl                         = No
   pcoupltype                     = Isotropic
   nstpcouple                     = -1
   tau-p                          = 1
   compressibility (3x3):
      compressibility[    0]={ 0.00000e+00,  0.00000e+00,  0.00000e+00}
      compressibility[    1]={ 0.00000e+00,  0.00000e+00,  0.00000e+00}
      compressibility[    2]={ 0.00000e+00,  0.00000e+00,  0.00000e+00}
   ref-p (3x3):
      ref-p[    0]={ 0.00000e+00,  0.00000e+00,  0.00000e+00}
      ref-p[    1]={ 0.00000e+00,  0.00000e+00,  0.00000e+00}
      ref-p[    2]={ 0.00000e+00,  0.00000e+00,  0.00000e+00}
   refcoord-scaling               = No
   posres-com (3):
      posres-com[0]= 0.00000e+00
      posres-com[1]= 0.00000e+00
      posres-com[2]= 0.00000e+00
   posres-comB (3):
      posres-comB[0]= 0.00000e+00
      posres-comB[1]= 0.00000e+00
      posres-comB[2]= 0.00000e+00
   QMMM                           = false
   QMconstraints                  = 0
   QMMMscheme                     = 0
   MMChargeScaleFactor            = 1
qm-opts:
   ngQM                           = 0
   constraint-algorithm           = Lincs
   continuation                   = false
   Shake-SOR                      = false
   shake-tol                      = 0.0001
   lincs-order                    = 4
   lincs-iter                     = 1
   lincs-warnangle                = 30
   nwall                          = 0
   wall-type                      = 9-3
   wall-r-linpot                  = -1
   wall-atomtype[0]               = -1
   wall-atomtype[1]               = -1
   wall-density[0]                = 0
   wall-density[1]                = 0
   wall-ewald-zfac                = 3
   pull                           = false
   awh                            = false
   rotation                       = false
   interactiveMD                  = false
   disre                          = No
   disre-weighting                = Conservative
   disre-mixed                    = false
   dr-fc                          = 1000
   dr-tau                         = 0
   nstdisreout                    = 100
   orire-fc                       = 0
   orire-tau                      = 0
   nstorireout                    = 100
   free-energy                    = no
   cos-acceleration               = 0
   deform (3x3):
      deform[    0]={ 0.00000e+00,  0.00000e+00,  0.00000e+00}
      deform[    1]={ 0.00000e+00,  0.00000e+00,  0.00000e+00}
      deform[    2]={ 0.00000e+00,  0.00000e+00,  0.00000e+00}
   simulated-tempering            = false
   swapcoords                     = no
   userint1                       = 0
   userint2                       = 0
   userint3                       = 0
   userint4                       = 0
   userreal1                      = 0
   userreal2                      = 0
   userreal3                      = 0
   userreal4                      = 0
   applied-forces:
     electric-field:
       x:
         E0                       = 0.14
         omega                    = 0
         t0                       = 0
         sigma                    = 0
       y:
         E0                       = 0
         omega                    = 0
         t0                       = 0
         sigma                    = 0
       z:
         E0                       = 0
         omega                    = 0
         t0                       = 0
         sigma                    = 0
grpopts:
   nrdf:        5301
   ref-t:         300
   tau-t:         0.1
annealing:          No
annealing-npoints:           0
   acc:	           0           0           0
   nfreeze:           N           N           N
   energygrp-flags[  0]: 0


Initializing Domain Decomposition on 6 ranks
Dynamic load balancing: locked
Minimum cell size due to atom displacement: 0.200 nm
Scaling the initial minimum size with 1/0.8 (option -dds) = 1.25
Optimizing the DD grid for 6 cells with a minimum initial size of 0.250 nm
The maximum allowed number of cells is: X 17 Y 17 Z 17
Domain decomposition grid 3 x 2 x 1, separate PME ranks 0
Domain decomposition rank 0, coordinates 0 0 0

The initial number of communication pulses is: X 1 Y 1
The initial domain decomposition cell size is: X 1.48 nm Y 2.21 nm

When dynamic load balancing gets turned on, these settings will change to:
The maximum number of communication pulses is: X 1 Y 1
The minimum size for domain decomposition cells is 0.800 nm
The requested allowed shrink of DD cells (option -dds) is: 0.80
The allowed shrink of domain decomposition cells is: X 0.54 Y 0.36

Using 6 MPI processes


NOTE: The number of threads is not equal to the number of (logical) cores
      and the -pin option is set to auto: will not pin threads to cores.
      This can lead to significant performance degradation.
      Consider using -pin on (and -pinoffset in case you run multiple jobs).

NOTE: This file uses the deprecated 'group' cutoff_scheme. This will be
removed in a future release when 'verlet' supports all interaction forms.

System total charge: 0.000
Potential shift: LJ r^-12: 0.000e+00 r^-6: 0.000e+00
Table routines are used for coulomb: true
Table routines are used for vdw:     true
Cut-off's:   NS: 0.8   Coulomb: 0.8   LJ: 0.8
Read user tables from table.xvg with 1000 data points.
Tabscale = 500 points/nm

Enabling SPC-like water optimization for 884 molecules.


Removing pbc first time

++++ PLEASE READ AND CITE THE FOLLOWING REFERENCE ++++
S. Miyamoto and P. A. Kollman
SETTLE: An Analytical Version of the SHAKE and RATTLE Algorithms for Rigid
Water Models
J. Comp. Chem. 13 (1992) pp. 952-962
-------- -------- --- Thank You --- -------- --------


Linking all bonded interactions to atoms


Intra-simulation communication will occur every 10 steps.
Center of mass motion removal mode is Linear
We have the following groups for center of mass motion removal:
  0:  rest

++++ PLEASE READ AND CITE THE FOLLOWING REFERENCE ++++
G. Bussi, D. Donadio and M. Parrinello
Canonical sampling through velocity rescaling
J. Chem. Phys. 126 (2007) pp. 014101
-------- -------- --- Thank You --- -------- --------


++++ PLEASE READ AND CITE THE FOLLOWING REFERENCE ++++
C. Caleman and D. van der Spoel
Picosecond Melting of Ice by an Infrared Laser Pulse: A Simulation Study
Angew. Chem. Int. Ed 47 (2008) pp. 1417-1420
-------- -------- --- Thank You --- -------- --------

There are: 2652 Atoms
Atom distribution over 6 domains: av 442 stddev 78 min 345 max 561
Grid: 4 x 5 x 6 cells

Constraining the starting coordinates (step 0)

Constraining the coordinates at t0-dt (step 0)
RMS relative constraint deviation after constraining: 0.00e+00
Initial temperature: 308.172 K

Started mdrun on rank 0 Wed Mar 10 04:06:52 2021

           Step           Time
              0        0.00000


   Energies (kJ/mol)
        LJ (SR)   Coulomb (SR)      Potential    Kinetic En.   Total Energy
    6.33854e+03   -2.85346e+04   -2.21961e+04    6.80260e+03   -1.53935e+04
  Conserved En.    Temperature Pressure (bar)
   -1.53935e+04    3.08683e+02   -1.74662e+02


DD  step 9 load imb.: force 34.8%

step 20 Turning on dynamic load balancing, because the performance loss due to load imbalance is 12.4 %.

DD  step 4999  vol min/aver 0.797  load imb.: force  3.8%
           Step           Time
           5000       10.00000

   Energies (kJ/mol)
        LJ (SR)   Coulomb (SR)      Potential    Kinetic En.   Total Energy
    6.21513e+03   -2.79394e+04   -2.17243e+04    6.64065e+03   -1.50836e+04
  Conserved En.    Temperature Pressure (bar)
   -1.53494e+04    3.01334e+02   -7.79399e-01


step 6600 Turning off dynamic load balancing, because it is degrading performance.
Atom distribution over 6 domains: av 442 stddev 58 min 339 max 507

DD  step 9999 load imb.: force 14.0%
           Step           Time
          10000       20.00000

   Energies (kJ/mol)
        LJ (SR)   Coulomb (SR)      Potential    Kinetic En.   Total Energy
    6.19281e+03   -2.80829e+04   -2.18900e+04    6.77531e+03   -1.51147e+04
  Conserved En.    Temperature Pressure (bar)
   -1.54737e+04    3.07445e+02   -1.01462e+02


DD  step 14999 load imb.: force 17.6%
           Step           Time
          15000       30.00000

   Energies (kJ/mol)
        LJ (SR)   Coulomb (SR)      Potential    Kinetic En.   Total Energy
    6.38674e+03   -2.84063e+04   -2.20196e+04    6.90333e+03   -1.51163e+04
  Conserved En.    Temperature Pressure (bar)
   -1.55328e+04    3.13254e+02   -1.47113e+01


DD  step 19999 load imb.: force 14.2%
           Step           Time
          20000       40.00000

   Energies (kJ/mol)
        LJ (SR)   Coulomb (SR)      Potential    Kinetic En.   Total Energy
    5.91798e+03   -2.75305e+04   -2.16125e+04    6.62508e+03   -1.49874e+04
  Conserved En.    Temperature Pressure (bar)
   -1.56352e+04    3.00628e+02   -2.48491e+02


DD  step 24999 load imb.: force 16.3%
           Step           Time
          25000       50.00000

   Energies (kJ/mol)
        LJ (SR)   Coulomb (SR)      Potential    Kinetic En.   Total Energy
    6.24187e+03   -2.81903e+04   -2.19484e+04    6.57066e+03   -1.53777e+04
  Conserved En.    Temperature Pressure (bar)
   -1.57330e+04    2.98158e+02   -9.98483e+01


DD  step 29999 load imb.: force 18.8%
           Step           Time
          30000       60.00000

   Energies (kJ/mol)
        LJ (SR)   Coulomb (SR)      Potential    Kinetic En.   Total Energy
    6.09253e+03   -2.82727e+04   -2.21802e+04    6.46214e+03   -1.57181e+04
  Conserved En.    Temperature Pressure (bar)
   -1.58560e+04    2.93234e+02   -3.19490e+02


DD  step 34999 load imb.: force 21.3%
           Step           Time
          35000       70.00000

   Energies (kJ/mol)
        LJ (SR)   Coulomb (SR)      Potential    Kinetic En.   Total Energy
    6.22880e+03   -2.81987e+04   -2.19699e+04    6.59892e+03   -1.53709e+04
  Conserved En.    Temperature Pressure (bar)
   -1.59342e+04    2.99441e+02   -1.13666e+02


DD  step 39999 load imb.: force  7.1%
           Step           Time
          40000       80.00000

   Energies (kJ/mol)
        LJ (SR)   Coulomb (SR)      Potential    Kinetic En.   Total Energy
    6.47937e+03   -2.82975e+04   -2.18181e+04    6.71066e+03   -1.51075e+04
  Conserved En.    Temperature Pressure (bar)
   -1.60674e+04    3.04511e+02    9.69808e+01


DD  step 44999 load imb.: force 23.1%
           Step           Time
          45000       90.00000

   Energies (kJ/mol)
        LJ (SR)   Coulomb (SR)      Potential    Kinetic En.   Total Energy
    6.43461e+03   -2.82138e+04   -2.17792e+04    6.55513e+03   -1.52240e+04
  Conserved En.    Temperature Pressure (bar)
   -1.61375e+04    2.97454e+02    2.51956e+01


step 48000 Turning on dynamic load balancing, because the performance loss due to load imbalance is 2.0 %.

DD  step 49999  vol min/aver 0.730  load imb.: force  1.0%
           Step           Time
          50000      100.00000

   Energies (kJ/mol)
        LJ (SR)   Coulomb (SR)      Potential    Kinetic En.   Total Energy
    6.58368e+03   -2.90728e+04   -2.24891e+04    6.47916e+03   -1.60100e+04
  Conserved En.    Temperature Pressure (bar)
   -1.62577e+04    2.94006e+02   -9.38545e-01


DD  step 54999  vol min/aver 0.753  load imb.: force  2.4%
           Step           Time
          55000      110.00000

   Energies (kJ/mol)
        LJ (SR)   Coulomb (SR)      Potential    Kinetic En.   Total Energy
    6.26234e+03   -2.77575e+04   -2.14951e+04    6.57230e+03   -1.49228e+04
  Conserved En.    Temperature Pressure (bar)
   -1.63545e+04    2.98233e+02    5.82857e+01


step 57000 Turning off dynamic load balancing, because it is degrading performance.
Atom distribution over 6 domains: av 442 stddev 27 min 408 max 477

DD  step 59999 load imb.: force 14.1%
           Step           Time
          60000      120.00000

   Energies (kJ/mol)
        LJ (SR)   Coulomb (SR)      Potential    Kinetic En.   Total Energy
    6.06473e+03   -2.76206e+04   -2.15559e+04    6.51357e+03   -1.50423e+04
  Conserved En.    Temperature Pressure (bar)
   -1.64515e+04    2.95568e+02   -2.14184e+02


DD  step 64999 load imb.: force 20.3%
           Step           Time
          65000      130.00000

   Energies (kJ/mol)
        LJ (SR)   Coulomb (SR)      Potential    Kinetic En.   Total Energy
    6.29292e+03   -2.82805e+04   -2.19876e+04    6.84116e+03   -1.51464e+04
  Conserved En.    Temperature Pressure (bar)
   -1.65510e+04    3.10433e+02   -6.93478e+01


DD  step 69999 load imb.: force 14.9%
           Step           Time
          70000      140.00000

   Energies (kJ/mol)
        LJ (SR)   Coulomb (SR)      Potential    Kinetic En.   Total Energy
    6.07642e+03   -2.76951e+04   -2.16187e+04    6.49039e+03   -1.51283e+04
  Conserved En.    Temperature Pressure (bar)
   -1.66286e+04    2.94516e+02   -1.38531e+02


DD  step 74999 load imb.: force 21.4%
           Step           Time
          75000      150.00000

   Energies (kJ/mol)
        LJ (SR)   Coulomb (SR)      Potential    Kinetic En.   Total Energy
    6.59952e+03   -2.85311e+04   -2.19316e+04    6.60151e+03   -1.53301e+04
  Conserved En.    Temperature Pressure (bar)
   -1.67730e+04    2.99558e+02    1.41397e+02


DD  step 79999 load imb.: force 22.6%
           Step           Time
          80000      160.00000

   Energies (kJ/mol)
        LJ (SR)   Coulomb (SR)      Potential    Kinetic En.   Total Energy
    6.11256e+03   -2.81236e+04   -2.20110e+04    6.50460e+03   -1.55064e+04
  Conserved En.    Temperature Pressure (bar)
   -1.68332e+04    2.95161e+02   -1.79947e+02


DD  step 84999 load imb.: force 25.2%
           Step           Time
          85000      170.00000

   Energies (kJ/mol)
        LJ (SR)   Coulomb (SR)      Potential    Kinetic En.   Total Energy
    6.40402e+03   -2.82172e+04   -2.18131e+04    6.61237e+03   -1.52008e+04
  Conserved En.    Temperature Pressure (bar)
   -1.69539e+04    3.00051e+02    3.23980e+00


DD  step 89999 load imb.: force 16.0%
           Step           Time
          90000      180.00000

   Energies (kJ/mol)
        LJ (SR)   Coulomb (SR)      Potential    Kinetic En.   Total Energy
    6.49540e+03   -2.85821e+04   -2.20867e+04    6.70552e+03   -1.53812e+04
  Conserved En.    Temperature Pressure (bar)
   -1.70537e+04    3.04278e+02    3.07742e+01


DD  step 94999 load imb.: force 17.8%
           Step           Time
          95000      190.00000

   Energies (kJ/mol)
        LJ (SR)   Coulomb (SR)      Potential    Kinetic En.   Total Energy
    6.64871e+03   -2.88744e+04   -2.22256e+04    6.70957e+03   -1.55161e+04
  Conserved En.    Temperature Pressure (bar)
   -1.71239e+04    3.04462e+02    1.08788e+02


DD  step 99999 load imb.: force 20.0%
           Step           Time
         100000      200.00000

   Energies (kJ/mol)
        LJ (SR)   Coulomb (SR)      Potential    Kinetic En.   Total Energy
    5.99044e+03   -2.82227e+04   -2.22322e+04    6.70488e+03   -1.55274e+04
  Conserved En.    Temperature Pressure (bar)
   -1.72672e+04    3.04249e+02   -3.06938e+02


DD  step 104999 load imb.: force 20.1%
           Step           Time
         105000      210.00000

   Energies (kJ/mol)
        LJ (SR)   Coulomb (SR)      Potential    Kinetic En.   Total Energy
    6.33361e+03   -2.79453e+04   -2.16117e+04    6.45880e+03   -1.51529e+04
  Conserved En.    Temperature Pressure (bar)
   -1.73521e+04    2.93082e+02   -3.05928e+01


step 107000 Turning on dynamic load balancing, because the performance loss due to load imbalance is 2.0 %.

DD  step 109999  vol min/aver 0.782  load imb.: force  2.3%
           Step           Time
         110000      220.00000

   Energies (kJ/mol)
        LJ (SR)   Coulomb (SR)      Potential    Kinetic En.   Total Energy
    6.22448e+03   -2.82022e+04   -2.19777e+04    6.68759e+03   -1.52901e+04
  Conserved En.    Temperature Pressure (bar)
   -1.74723e+04    3.03464e+02   -1.41431e+02


DD  step 114999  vol min/aver 0.740  load imb.: force  2.4%
           Step           Time
         115000      230.00000

   Energies (kJ/mol)
        LJ (SR)   Coulomb (SR)      Potential    Kinetic En.   Total Energy
    6.49370e+03   -2.85431e+04   -2.20494e+04    6.53240e+03   -1.55170e+04
  Conserved En.    Temperature Pressure (bar)
   -1.75446e+04    2.96422e+02   -1.36654e+01


DD  step 119999  vol min/aver 0.764  load imb.: force  1.7%
           Step           Time
         120000      240.00000

   Energies (kJ/mol)
        LJ (SR)   Coulomb (SR)      Potential    Kinetic En.   Total Energy
    5.97250e+03   -2.79026e+04   -2.19301e+04    6.58008e+03   -1.53501e+04
  Conserved En.    Temperature Pressure (bar)
   -1.76790e+04    2.98586e+02   -2.21232e+02


step 124000 Turning off dynamic load balancing, because it is degrading performance.
Atom distribution over 6 domains: av 442 stddev 48 min 393 max 534

DD  step 124999 load imb.: force 19.3%
           Step           Time
         125000      250.00000

   Energies (kJ/mol)
        LJ (SR)   Coulomb (SR)      Potential    Kinetic En.   Total Energy
    6.58546e+03   -2.83616e+04   -2.17762e+04    6.67434e+03   -1.51018e+04
  Conserved En.    Temperature Pressure (bar)
   -1.77627e+04    3.02863e+02    1.50167e+02


DD  step 129999 load imb.: force 12.1%
           Step           Time
         130000      260.00000

   Energies (kJ/mol)
        LJ (SR)   Coulomb (SR)      Potential    Kinetic En.   Total Energy
    6.34077e+03   -2.84410e+04   -2.21002e+04    6.41014e+03   -1.56901e+04
  Conserved En.    Temperature Pressure (bar)
   -1.78661e+04    2.90874e+02   -1.09068e+01


DD  step 134999 load imb.: force 20.4%
           Step           Time
         135000      270.00000

   Energies (kJ/mol)
        LJ (SR)   Coulomb (SR)      Potential    Kinetic En.   Total Energy
    6.58453e+03   -2.88628e+04   -2.22782e+04    6.57405e+03   -1.57042e+04
  Conserved En.    Temperature Pressure (bar)
   -1.79540e+04    2.98312e+02    5.82439e+01


DD  step 139999 load imb.: force 29.9%
           Step           Time
         140000      280.00000

   Energies (kJ/mol)
        LJ (SR)   Coulomb (SR)      Potential    Kinetic En.   Total Energy
    6.14760e+03   -2.79472e+04   -2.17995e+04    6.61817e+03   -1.51814e+04
  Conserved En.    Temperature Pressure (bar)
   -1.80519e+04    3.00314e+02   -7.53251e+01


DD  step 144999 load imb.: force 35.4%
           Step           Time
         145000      290.00000

   Energies (kJ/mol)
        LJ (SR)   Coulomb (SR)      Potential    Kinetic En.   Total Energy
    6.08343e+03   -2.82820e+04   -2.21985e+04    6.85449e+03   -1.53441e+04
  Conserved En.    Temperature Pressure (bar)
   -1.81903e+04    3.11038e+02   -2.39796e+02


DD  step 149999 load imb.: force 25.5%
           Step           Time
         150000      300.00000

   Energies (kJ/mol)
        LJ (SR)   Coulomb (SR)      Potential    Kinetic En.   Total Energy
    6.10571e+03   -2.79813e+04   -2.18756e+04    6.68064e+03   -1.51949e+04
  Conserved En.    Temperature Pressure (bar)
   -1.82369e+04    3.03149e+02   -1.69801e+02


DD  step 154999 load imb.: force 22.0%
           Step           Time
         155000      310.00000

   Energies (kJ/mol)
        LJ (SR)   Coulomb (SR)      Potential    Kinetic En.   Total Energy
    6.40876e+03   -2.86251e+04   -2.22164e+04    6.53615e+03   -1.56802e+04
  Conserved En.    Temperature Pressure (bar)
   -1.83440e+04    2.96592e+02   -9.90074e+01


DD  step 159999 load imb.: force 23.9%
           Step           Time
         160000      320.00000

   Energies (kJ/mol)
        LJ (SR)   Coulomb (SR)      Potential    Kinetic En.   Total Energy
    5.91216e+03   -2.79206e+04   -2.20084e+04    6.63831e+03   -1.53701e+04
  Conserved En.    Temperature Pressure (bar)
   -1.84684e+04    3.01228e+02   -3.57267e+02


DD  step 164999 load imb.: force 21.8%
           Step           Time
         165000      330.00000

   Energies (kJ/mol)
        LJ (SR)   Coulomb (SR)      Potential    Kinetic En.   Total Energy
    6.11917e+03   -2.76579e+04   -2.15387e+04    6.68383e+03   -1.48549e+04
  Conserved En.    Temperature Pressure (bar)
   -1.85714e+04    3.03294e+02   -6.56181e+01


DD  step 169999 load imb.: force 29.2%
           Step           Time
         170000      340.00000

   Energies (kJ/mol)
        LJ (SR)   Coulomb (SR)      Potential    Kinetic En.   Total Energy
    6.47977e+03   -2.89696e+04   -2.24898e+04    6.53907e+03   -1.59507e+04
  Conserved En.    Temperature Pressure (bar)
   -1.86425e+04    2.96725e+02   -8.95011e+01


DD  step 174999 load imb.: force  9.4%
           Step           Time
         175000      350.00000

   Energies (kJ/mol)
        LJ (SR)   Coulomb (SR)      Potential    Kinetic En.   Total Energy
    6.20472e+03   -2.80645e+04   -2.18598e+04    6.49127e+03   -1.53685e+04
  Conserved En.    Temperature Pressure (bar)
   -1.87350e+04    2.94556e+02   -8.57425e+01


DD  step 179999 load imb.: force 57.2%
           Step           Time
         180000      360.00000

   Energies (kJ/mol)
        LJ (SR)   Coulomb (SR)      Potential    Kinetic En.   Total Energy
    6.52741e+03   -2.86071e+04   -2.20797e+04    6.64881e+03   -1.54309e+04
  Conserved En.    Temperature Pressure (bar)
   -1.88840e+04    3.01705e+02    8.46436e+01


DD  step 184999 load imb.: force 34.2%
           Step           Time
         185000      370.00000

   Energies (kJ/mol)
        LJ (SR)   Coulomb (SR)      Potential    Kinetic En.   Total Energy
    6.22585e+03   -2.82559e+04   -2.20301e+04    6.56641e+03   -1.54636e+04
  Conserved En.    Temperature Pressure (bar)
   -1.89744e+04    2.97966e+02   -1.73178e+02


DD  step 189999 load imb.: force 21.2%
           Step           Time
         190000      380.00000

   Energies (kJ/mol)
        LJ (SR)   Coulomb (SR)      Potential    Kinetic En.   Total Energy
    6.41569e+03   -2.83837e+04   -2.19680e+04    6.44562e+03   -1.55224e+04
  Conserved En.    Temperature Pressure (bar)
   -1.90841e+04    2.92485e+02    3.22242e+01


DD  step 194999 load imb.: force 43.1%
           Step           Time
         195000      390.00000

   Energies (kJ/mol)
        LJ (SR)   Coulomb (SR)      Potential    Kinetic En.   Total Energy
    6.20184e+03   -2.78767e+04   -2.16749e+04    6.48939e+03   -1.51855e+04
  Conserved En.    Temperature Pressure (bar)
   -1.92022e+04    2.94471e+02   -1.49907e+01


DD  step 199999 load imb.: force 29.6%
           Step           Time
         200000      400.00000

   Energies (kJ/mol)
        LJ (SR)   Coulomb (SR)      Potential    Kinetic En.   Total Energy
    6.48421e+03   -2.85219e+04   -2.20377e+04    6.49108e+03   -1.55466e+04
  Conserved En.    Temperature Pressure (bar)
   -1.92423e+04    2.94547e+02    8.44883e+01


DD  step 204999 load imb.: force 18.7%
           Step           Time
         205000      410.00000

   Energies (kJ/mol)
        LJ (SR)   Coulomb (SR)      Potential    Kinetic En.   Total Energy
    6.36430e+03   -2.86845e+04   -2.23202e+04    6.59744e+03   -1.57228e+04
  Conserved En.    Temperature Pressure (bar)
   -1.93861e+04    2.99374e+02   -1.06047e+02


DD  step 209999 load imb.: force 17.8%
           Step           Time
         210000      420.00000

   Energies (kJ/mol)
        LJ (SR)   Coulomb (SR)      Potential    Kinetic En.   Total Energy
    6.52234e+03   -2.89180e+04   -2.23956e+04    6.78928e+03   -1.56063e+04
  Conserved En.    Temperature Pressure (bar)
   -1.94640e+04    3.08079e+02    4.53000e+00


DD  step 214999 load imb.: force 18.6%
           Step           Time
         215000      430.00000

   Energies (kJ/mol)
        LJ (SR)   Coulomb (SR)      Potential    Kinetic En.   Total Energy
    6.32816e+03   -2.81495e+04   -2.18213e+04    6.57162e+03   -1.52497e+04
  Conserved En.    Temperature Pressure (bar)
   -1.96216e+04    2.98202e+02    4.47401e+01


DD  step 219999 load imb.: force 13.5%
           Step           Time
         220000      440.00000

   Energies (kJ/mol)
        LJ (SR)   Coulomb (SR)      Potential    Kinetic En.   Total Energy
    6.48943e+03   -2.84676e+04   -2.19782e+04    6.60920e+03   -1.53690e+04
  Conserved En.    Temperature Pressure (bar)
   -1.96775e+04    2.99907e+02    8.91659e+01


step 221000 Turning on dynamic load balancing, because the performance loss due to load imbalance is 2.0 %.

DD  step 224999  vol min/aver 0.669  load imb.: force  3.0%
           Step           Time
         225000      450.00000

   Energies (kJ/mol)
        LJ (SR)   Coulomb (SR)      Potential    Kinetic En.   Total Energy
    6.26179e+03   -2.81635e+04   -2.19017e+04    6.65451e+03   -1.52472e+04
  Conserved En.    Temperature Pressure (bar)
   -1.97950e+04    3.01963e+02   -6.09814e+01


DD  step 229999  vol min/aver 0.763  load imb.: force  2.5%
           Step           Time
         230000      460.00000

   Energies (kJ/mol)
        LJ (SR)   Coulomb (SR)      Potential    Kinetic En.   Total Energy
    6.74570e+03   -2.89011e+04   -2.21554e+04    6.42758e+03   -1.57278e+04
  Conserved En.    Temperature Pressure (bar)
   -1.98874e+04    2.91666e+02    1.82278e+02


DD  step 234999  vol min/aver 0.757  load imb.: force  4.1%
           Step           Time
         235000      470.00000

   Energies (kJ/mol)
        LJ (SR)   Coulomb (SR)      Potential    Kinetic En.   Total Energy
    6.34733e+03   -2.79987e+04   -2.16514e+04    6.49508e+03   -1.51563e+04
  Conserved En.    Temperature Pressure (bar)
   -1.99864e+04    2.94729e+02    3.31615e+01


DD  step 239999  vol min/aver 0.791  load imb.: force  4.2%
           Step           Time
         240000      480.00000

   Energies (kJ/mol)
        LJ (SR)   Coulomb (SR)      Potential    Kinetic En.   Total Energy
    6.08720e+03   -2.77042e+04   -2.16170e+04    6.57174e+03   -1.50452e+04
  Conserved En.    Temperature Pressure (bar)
   -2.00920e+04    2.98207e+02   -2.09340e+02


DD  step 244999  vol min/aver 0.719  load imb.: force  3.0%
           Step           Time
         245000      490.00000

   Energies (kJ/mol)
        LJ (SR)   Coulomb (SR)      Potential    Kinetic En.   Total Energy
    6.37204e+03   -2.85697e+04   -2.21976e+04    6.47416e+03   -1.57235e+04
  Conserved En.    Temperature Pressure (bar)
   -2.01796e+04    2.93779e+02   -6.54029e+01


DD  step 249999  vol min/aver 0.797  load imb.: force  4.0%
           Step           Time
         250000      500.00000

   Energies (kJ/mol)
        LJ (SR)   Coulomb (SR)      Potential    Kinetic En.   Total Energy
    6.22866e+03   -2.80869e+04   -2.18583e+04    6.22214e+03   -1.56362e+04
  Conserved En.    Temperature Pressure (bar)
   -2.02646e+04    2.82344e+02   -8.43755e+01


DD  step 254999  vol min/aver 0.841  load imb.: force  1.9%
           Step           Time
         255000      510.00000

   Energies (kJ/mol)
        LJ (SR)   Coulomb (SR)      Potential    Kinetic En.   Total Energy
    6.66329e+03   -2.93126e+04   -2.26493e+04    6.51746e+03   -1.61319e+04
  Conserved En.    Temperature Pressure (bar)
   -2.03837e+04    2.95744e+02    7.75409e+00


step 255800 Turning off dynamic load balancing, because it is degrading performance.
Atom distribution over 6 domains: av 442 stddev 44 min 351 max 480

DD  step 259999 load imb.: force 15.3%
           Step           Time
         260000      520.00000

   Energies (kJ/mol)
        LJ (SR)   Coulomb (SR)      Potential    Kinetic En.   Total Energy
    6.49778e+03   -2.84779e+04   -2.19801e+04    6.83359e+03   -1.51465e+04
  Conserved En.    Temperature Pressure (bar)
   -2.04860e+04    3.10090e+02    6.88646e+01


DD  step 264999 load imb.: force 13.6%
           Step           Time
         265000      530.00000

   Energies (kJ/mol)
        LJ (SR)   Coulomb (SR)      Potential    Kinetic En.   Total Energy
    6.10377e+03   -2.83088e+04   -2.22050e+04    6.54794e+03   -1.56571e+04
  Conserved En.    Temperature Pressure (bar)
   -2.05726e+04    2.97128e+02   -2.66345e+02


DD  step 269999 load imb.: force 20.4%
           Step           Time
         270000      540.00000

   Energies (kJ/mol)
        LJ (SR)   Coulomb (SR)      Potential    Kinetic En.   Total Energy
    6.33588e+03   -2.81866e+04   -2.18507e+04    6.51168e+03   -1.53390e+04
  Conserved En.    Temperature Pressure (bar)
   -2.06890e+04    2.95482e+02   -5.19048e+01


DD  step 274999 load imb.: force 40.1%
           Step           Time
         275000      550.00000

   Energies (kJ/mol)
        LJ (SR)   Coulomb (SR)      Potential    Kinetic En.   Total Energy
    5.96495e+03   -2.75223e+04   -2.15573e+04    6.49669e+03   -1.50606e+04
  Conserved En.    Temperature Pressure (bar)
   -2.08184e+04    2.94802e+02   -1.89807e+02


DD  step 279999 load imb.: force 30.2%
           Step           Time
         280000      560.00000

   Energies (kJ/mol)
        LJ (SR)   Coulomb (SR)      Potential    Kinetic En.   Total Energy
    6.33357e+03   -2.83955e+04   -2.20619e+04    6.62063e+03   -1.54413e+04
  Conserved En.    Temperature Pressure (bar)
   -2.08904e+04    3.00426e+02   -9.13353e+01


DD  step 284999 load imb.: force 21.0%
           Step           Time
         285000      570.00000

   Energies (kJ/mol)
        LJ (SR)   Coulomb (SR)      Potential    Kinetic En.   Total Energy
    6.40829e+03   -2.85823e+04   -2.21740e+04    6.72469e+03   -1.54493e+04
  Conserved En.    Temperature Pressure (bar)
   -2.09731e+04    3.05148e+02    2.18080e+01


DD  step 289999 load imb.: force 21.8%
           Step           Time
         290000      580.00000

   Energies (kJ/mol)
        LJ (SR)   Coulomb (SR)      Potential    Kinetic En.   Total Energy
    6.53160e+03   -2.85312e+04   -2.19996e+04    6.61119e+03   -1.53884e+04
  Conserved En.    Temperature Pressure (bar)
   -2.10682e+04    2.99998e+02    8.93213e+01


DD  step 294999 load imb.: force 27.9%
           Step           Time
         295000      590.00000

   Energies (kJ/mol)
        LJ (SR)   Coulomb (SR)      Potential    Kinetic En.   Total Energy
    6.31167e+03   -2.82573e+04   -2.19456e+04    6.64115e+03   -1.53045e+04
  Conserved En.    Temperature Pressure (bar)
   -2.11874e+04    3.01357e+02   -3.65948e+01


DD  step 299999 load imb.: force 28.8%
           Step           Time
         300000      600.00000

   Energies (kJ/mol)
        LJ (SR)   Coulomb (SR)      Potential    Kinetic En.   Total Energy
    6.57601e+03   -2.83976e+04   -2.18216e+04    6.42503e+03   -1.53966e+04
  Conserved En.    Temperature Pressure (bar)
   -2.13152e+04    2.91550e+02    1.37030e+02


DD  step 304999 load imb.: force 38.9%
           Step           Time
         305000      610.00000

   Energies (kJ/mol)
        LJ (SR)   Coulomb (SR)      Potential    Kinetic En.   Total Energy
    6.54596e+03   -2.89898e+04   -2.24438e+04    6.71390e+03   -1.57299e+04
  Conserved En.    Temperature Pressure (bar)
   -2.13931e+04    3.04658e+02   -1.69672e+01


DD  step 309999 load imb.: force 20.4%
           Step           Time
         310000      620.00000

   Energies (kJ/mol)
        LJ (SR)   Coulomb (SR)      Potential    Kinetic En.   Total Energy
    6.40154e+03   -2.89760e+04   -2.25745e+04    6.49094e+03   -1.60835e+04
  Conserved En.    Temperature Pressure (bar)
   -2.14598e+04    2.94541e+02   -2.25927e+02


DD  step 314999 load imb.: force 15.0%
           Step           Time
         315000      630.00000

   Energies (kJ/mol)
        LJ (SR)   Coulomb (SR)      Potential    Kinetic En.   Total Energy
    6.16296e+03   -2.81921e+04   -2.20292e+04    6.49381e+03   -1.55354e+04
  Conserved En.    Temperature Pressure (bar)
   -2.15678e+04    2.94671e+02   -1.43594e+02


DD  step 319999 load imb.: force 21.2%
           Step           Time
         320000      640.00000

   Energies (kJ/mol)
        LJ (SR)   Coulomb (SR)      Potential    Kinetic En.   Total Energy
    6.46750e+03   -2.84509e+04   -2.19834e+04    6.64302e+03   -1.53403e+04
  Conserved En.    Temperature Pressure (bar)
   -2.16745e+04    3.01442e+02    5.25742e+01


DD  step 324999 load imb.: force 12.5%
           Step           Time
         325000      650.00000

   Energies (kJ/mol)
        LJ (SR)   Coulomb (SR)      Potential    Kinetic En.   Total Energy
    6.24976e+03   -2.82105e+04   -2.19608e+04    6.63048e+03   -1.53303e+04
  Conserved En.    Temperature Pressure (bar)
   -2.17535e+04    3.00873e+02   -8.69330e+01


DD  step 329999 load imb.: force 21.2%
           Step           Time
         330000      660.00000

   Energies (kJ/mol)
        LJ (SR)   Coulomb (SR)      Potential    Kinetic En.   Total Energy
    6.30804e+03   -2.84318e+04   -2.21238e+04    6.64205e+03   -1.54817e+04
  Conserved En.    Temperature Pressure (bar)
   -2.18799e+04    3.01398e+02   -1.22747e+02


DD  step 334999 load imb.: force 27.5%
           Step           Time
         335000      670.00000

   Energies (kJ/mol)
        LJ (SR)   Coulomb (SR)      Potential    Kinetic En.   Total Energy
    6.49945e+03   -2.88055e+04   -2.23060e+04    6.64146e+03   -1.56646e+04
  Conserved En.    Temperature Pressure (bar)
   -2.19612e+04    3.01371e+02   -4.77174e+01


DD  step 339999 load imb.: force 20.2%
           Step           Time
         340000      680.00000

   Energies (kJ/mol)
        LJ (SR)   Coulomb (SR)      Potential    Kinetic En.   Total Energy
    6.32131e+03   -2.86804e+04   -2.23591e+04    6.55089e+03   -1.58082e+04
  Conserved En.    Temperature Pressure (bar)
   -2.21019e+04    2.97261e+02   -1.26217e+02


DD  step 344999 load imb.: force 16.0%
           Step           Time
         345000      690.00000

   Energies (kJ/mol)
        LJ (SR)   Coulomb (SR)      Potential    Kinetic En.   Total Energy
    6.45154e+03   -2.85656e+04   -2.21140e+04    6.69934e+03   -1.54147e+04
  Conserved En.    Temperature Pressure (bar)
   -2.21354e+04    3.03997e+02    8.20847e+00


DD  step 349999 load imb.: force 16.7%
           Step           Time
         350000      700.00000

   Energies (kJ/mol)
        LJ (SR)   Coulomb (SR)      Potential    Kinetic En.   Total Energy
    6.23224e+03   -2.88199e+04   -2.25876e+04    6.73861e+03   -1.58490e+04
  Conserved En.    Temperature Pressure (bar)
   -2.22885e+04    3.05779e+02   -2.22674e+02


DD  step 354999 load imb.: force 18.8%
           Step           Time
         355000      710.00000

   Energies (kJ/mol)
        LJ (SR)   Coulomb (SR)      Potential    Kinetic En.   Total Energy
    6.50249e+03   -2.82533e+04   -2.17508e+04    6.51359e+03   -1.52373e+04
  Conserved En.    Temperature Pressure (bar)
   -2.23477e+04    2.95569e+02    9.24786e+01


DD  step 359999 load imb.: force 15.1%
           Step           Time
         360000      720.00000

   Energies (kJ/mol)
        LJ (SR)   Coulomb (SR)      Potential    Kinetic En.   Total Energy
    6.58401e+03   -2.87757e+04   -2.21917e+04    6.60821e+03   -1.55835e+04
  Conserved En.    Temperature Pressure (bar)
   -2.24670e+04    2.99862e+02    3.63087e+01


DD  step 364999 load imb.: force 15.4%
           Step           Time
         365000      730.00000

   Energies (kJ/mol)
        LJ (SR)   Coulomb (SR)      Potential    Kinetic En.   Total Energy
    6.26045e+03   -2.85452e+04   -2.22848e+04    6.60953e+03   -1.56753e+04
  Conserved En.    Temperature Pressure (bar)
   -2.25874e+04    2.99922e+02   -1.24508e+02


DD  step 369999 load imb.: force 29.2%
           Step           Time
         370000      740.00000

   Energies (kJ/mol)
        LJ (SR)   Coulomb (SR)      Potential    Kinetic En.   Total Energy
    6.19879e+03   -2.78177e+04   -2.16189e+04    6.60500e+03   -1.50139e+04
  Conserved En.    Temperature Pressure (bar)
   -2.27051e+04    2.99716e+02    7.87009e+00


DD  step 374999 load imb.: force 21.6%
           Step           Time
         375000      750.00000

   Energies (kJ/mol)
        LJ (SR)   Coulomb (SR)      Potential    Kinetic En.   Total Energy
    6.30094e+03   -2.82349e+04   -2.19340e+04    6.45825e+03   -1.54757e+04
  Conserved En.    Temperature Pressure (bar)
   -2.27906e+04    2.93057e+02   -1.06362e+02


DD  step 379999 load imb.: force  9.5%
           Step           Time
         380000      760.00000

   Energies (kJ/mol)
        LJ (SR)   Coulomb (SR)      Potential    Kinetic En.   Total Energy
    6.49900e+03   -2.82737e+04   -2.17747e+04    6.74170e+03   -1.50330e+04
  Conserved En.    Temperature Pressure (bar)
   -2.28638e+04    3.05920e+02    1.20645e+02


DD  step 384999 load imb.: force 26.8%
           Step           Time
         385000      770.00000

   Energies (kJ/mol)
        LJ (SR)   Coulomb (SR)      Potential    Kinetic En.   Total Energy
    6.15809e+03   -2.77862e+04   -2.16281e+04    6.45057e+03   -1.51775e+04
  Conserved En.    Temperature Pressure (bar)
   -2.29752e+04    2.92709e+02   -8.36372e+01


DD  step 389999 load imb.: force 12.9%
           Step           Time
         390000      780.00000

   Energies (kJ/mol)
        LJ (SR)   Coulomb (SR)      Potential    Kinetic En.   Total Energy
    6.41850e+03   -2.85170e+04   -2.20985e+04    6.58422e+03   -1.55143e+04
  Conserved En.    Temperature Pressure (bar)
   -2.30761e+04    2.98774e+02   -3.83507e+01


DD  step 394999 load imb.: force 38.1%
           Step           Time
         395000      790.00000

   Energies (kJ/mol)
        LJ (SR)   Coulomb (SR)      Potential    Kinetic En.   Total Energy
    6.34904e+03   -2.82693e+04   -2.19203e+04    6.55202e+03   -1.53683e+04
  Conserved En.    Temperature Pressure (bar)
   -2.32188e+04    2.97313e+02   -3.40910e+01


DD  step 399999 load imb.: force 13.3%
           Step           Time
         400000      800.00000

   Energies (kJ/mol)
        LJ (SR)   Coulomb (SR)      Potential    Kinetic En.   Total Energy
    6.55030e+03   -2.85038e+04   -2.19535e+04    6.65699e+03   -1.52965e+04
  Conserved En.    Temperature Pressure (bar)
   -2.32751e+04    3.02076e+02    1.26881e+02


DD  step 404999 load imb.: force 22.9%
           Step           Time
         405000      810.00000

   Energies (kJ/mol)
        LJ (SR)   Coulomb (SR)      Potential    Kinetic En.   Total Energy
    6.14067e+03   -2.80895e+04   -2.19488e+04    6.51837e+03   -1.54305e+04
  Conserved En.    Temperature Pressure (bar)
   -2.33915e+04    2.95786e+02   -2.03778e+02


DD  step 409999 load imb.: force 18.4%
           Step           Time
         410000      820.00000

   Energies (kJ/mol)
        LJ (SR)   Coulomb (SR)      Potential    Kinetic En.   Total Energy
    6.21267e+03   -2.84075e+04   -2.21948e+04    6.55899e+03   -1.56358e+04
  Conserved En.    Temperature Pressure (bar)
   -2.34719e+04    2.97629e+02   -1.35548e+02


DD  step 414999 load imb.: force 17.5%
           Step           Time
         415000      830.00000

   Energies (kJ/mol)
        LJ (SR)   Coulomb (SR)      Potential    Kinetic En.   Total Energy
    6.60099e+03   -2.89782e+04   -2.23772e+04    6.62528e+03   -1.57519e+04
  Conserved En.    Temperature Pressure (bar)
   -2.35704e+04    3.00637e+02    1.39440e+01


DD  step 419999 load imb.: force 18.4%
           Step           Time
         420000      840.00000

   Energies (kJ/mol)
        LJ (SR)   Coulomb (SR)      Potential    Kinetic En.   Total Energy
    6.59858e+03   -2.88163e+04   -2.22177e+04    6.75229e+03   -1.54654e+04
  Conserved En.    Temperature Pressure (bar)
   -2.37019e+04    3.06400e+02    6.52621e+01


DD  step 424999 load imb.: force 13.9%
           Step           Time
         425000      850.00000

   Energies (kJ/mol)
        LJ (SR)   Coulomb (SR)      Potential    Kinetic En.   Total Energy
    6.15020e+03   -2.83570e+04   -2.22068e+04    6.62004e+03   -1.55868e+04
  Conserved En.    Temperature Pressure (bar)
   -2.37803e+04    3.00399e+02   -2.03468e+02


DD  step 429999 load imb.: force 35.1%
           Step           Time
         430000      860.00000

   Energies (kJ/mol)
        LJ (SR)   Coulomb (SR)      Potential    Kinetic En.   Total Energy
    6.41411e+03   -2.86174e+04   -2.22033e+04    6.54762e+03   -1.56556e+04
  Conserved En.    Temperature Pressure (bar)
   -2.39002e+04    2.97113e+02   -4.16536e+01


DD  step 434999 load imb.: force 14.0%
           Step           Time
         435000      870.00000

   Energies (kJ/mol)
        LJ (SR)   Coulomb (SR)      Potential    Kinetic En.   Total Energy
    6.55772e+03   -2.87918e+04   -2.22340e+04    6.79463e+03   -1.54394e+04
  Conserved En.    Temperature Pressure (bar)
   -2.39625e+04    3.08321e+02    6.90197e+01


DD  step 439999 load imb.: force 12.6%
           Step           Time
         440000      880.00000

   Energies (kJ/mol)
        LJ (SR)   Coulomb (SR)      Potential    Kinetic En.   Total Energy
    6.53026e+03   -2.91424e+04   -2.26121e+04    6.80552e+03   -1.58066e+04
  Conserved En.    Temperature Pressure (bar)
   -2.40980e+04    3.08816e+02   -2.88440e+01


DD  step 444999 load imb.: force 13.8%
           Step           Time
         445000      890.00000

   Energies (kJ/mol)
        LJ (SR)   Coulomb (SR)      Potential    Kinetic En.   Total Energy
    6.32336e+03   -2.82610e+04   -2.19376e+04    6.70967e+03   -1.52279e+04
  Conserved En.    Temperature Pressure (bar)
   -2.41667e+04    3.04466e+02   -5.23447e+01


DD  step 449999 load imb.: force 13.7%
           Step           Time
         450000      900.00000

   Energies (kJ/mol)
        LJ (SR)   Coulomb (SR)      Potential    Kinetic En.   Total Energy
    6.58794e+03   -2.87021e+04   -2.21141e+04    6.48263e+03   -1.56315e+04
  Conserved En.    Temperature Pressure (bar)
   -2.42977e+04    2.94164e+02    5.68371e+01


DD  step 454999 load imb.: force 19.1%
           Step           Time
         455000      910.00000

   Energies (kJ/mol)
        LJ (SR)   Coulomb (SR)      Potential    Kinetic En.   Total Energy
    6.51964e+03   -2.85738e+04   -2.20542e+04    6.70681e+03   -1.53474e+04
  Conserved En.    Temperature Pressure (bar)
   -2.43438e+04    3.04337e+02    2.91690e+01


DD  step 459999 load imb.: force 30.4%
           Step           Time
         460000      920.00000

   Energies (kJ/mol)
        LJ (SR)   Coulomb (SR)      Potential    Kinetic En.   Total Energy
    6.31857e+03   -2.81967e+04   -2.18781e+04    6.48559e+03   -1.53925e+04
  Conserved En.    Temperature Pressure (bar)
   -2.44702e+04    2.94298e+02   -6.26624e+01


DD  step 464999 load imb.: force 34.3%
           Step           Time
         465000      930.00000

   Energies (kJ/mol)
        LJ (SR)   Coulomb (SR)      Potential    Kinetic En.   Total Energy
    6.23064e+03   -2.86821e+04   -2.24514e+04    6.63611e+03   -1.58153e+04
  Conserved En.    Temperature Pressure (bar)
   -2.45478e+04    3.01128e+02   -2.03496e+02


DD  step 469999 load imb.: force 21.4%
           Step           Time
         470000      940.00000

   Energies (kJ/mol)
        LJ (SR)   Coulomb (SR)      Potential    Kinetic En.   Total Energy
    6.25353e+03   -2.82072e+04   -2.19536e+04    6.57047e+03   -1.53832e+04
  Conserved En.    Temperature Pressure (bar)
   -2.46785e+04    2.98150e+02   -1.13225e+02


DD  step 474999 load imb.: force 20.5%
           Step           Time
         475000      950.00000

   Energies (kJ/mol)
        LJ (SR)   Coulomb (SR)      Potential    Kinetic En.   Total Energy
    6.76386e+03   -2.90872e+04   -2.23233e+04    6.73410e+03   -1.55892e+04
  Conserved En.    Temperature Pressure (bar)
   -2.47577e+04    3.05575e+02    1.74871e+02


DD  step 479999 load imb.: force 40.7%
           Step           Time
         480000      960.00000

   Energies (kJ/mol)
        LJ (SR)   Coulomb (SR)      Potential    Kinetic En.   Total Energy
    6.26447e+03   -2.80346e+04   -2.17701e+04    6.58490e+03   -1.51852e+04
  Conserved En.    Temperature Pressure (bar)
   -2.48829e+04    2.98805e+02   -6.29209e+01


DD  step 484999 load imb.: force 50.6%
           Step           Time
         485000      970.00000

   Energies (kJ/mol)
        LJ (SR)   Coulomb (SR)      Potential    Kinetic En.   Total Energy
    6.75078e+03   -2.88566e+04   -2.21059e+04    6.78562e+03   -1.53202e+04
  Conserved En.    Temperature Pressure (bar)
   -2.49780e+04    3.07913e+02    1.15459e+02


step 487000 Turning on dynamic load balancing, because the performance loss due to load imbalance is 2.0 %.

DD  step 489999  vol min/aver 0.757  load imb.: force  2.5%
           Step           Time
         490000      980.00000

   Energies (kJ/mol)
        LJ (SR)   Coulomb (SR)      Potential    Kinetic En.   Total Energy
    6.53524e+03   -2.86566e+04   -2.21214e+04    6.58564e+03   -1.55358e+04
  Conserved En.    Temperature Pressure (bar)
   -2.50901e+04    2.98838e+02    5.90959e+00


DD  step 494999  vol min/aver 0.814  load imb.: force  1.4%
           Step           Time
         495000      990.00000

   Energies (kJ/mol)
        LJ (SR)   Coulomb (SR)      Potential    Kinetic En.   Total Energy
    6.38156e+03   -2.86861e+04   -2.23046e+04    6.53462e+03   -1.57700e+04
  Conserved En.    Temperature Pressure (bar)
   -2.51779e+04    2.96523e+02   -1.14560e+02


DD  step 499999  vol min/aver 0.809  load imb.: force  3.2%
           Step           Time
         500000     1000.00000

   Energies (kJ/mol)
        LJ (SR)   Coulomb (SR)      Potential    Kinetic En.   Total Energy
    6.62987e+03   -2.90836e+04   -2.24538e+04    6.58977e+03   -1.58640e+04
  Conserved En.    Temperature Pressure (bar)
   -2.52701e+04    2.99026e+02    2.82875e+01


DD  step 504999  vol min/aver 0.783  load imb.: force  3.0%
           Step           Time
         505000     1010.00000

   Energies (kJ/mol)
        LJ (SR)   Coulomb (SR)      Potential    Kinetic En.   Total Energy
    6.46668e+03   -2.83336e+04   -2.18670e+04    6.51341e+03   -1.53535e+04
  Conserved En.    Temperature Pressure (bar)
   -2.53526e+04    2.95561e+02    4.98276e+01


DD  step 509999  vol min/aver 0.745  load imb.: force  1.4%
           Step           Time
         510000     1020.00000

   Energies (kJ/mol)
        LJ (SR)   Coulomb (SR)      Potential    Kinetic En.   Total Energy
    6.20840e+03   -2.82278e+04   -2.20194e+04    6.52573e+03   -1.54936e+04
  Conserved En.    Temperature Pressure (bar)
   -2.54844e+04    2.96120e+02   -1.17938e+02


DD  step 514999  vol min/aver 0.682  load imb.: force  1.4%
           Step           Time
         515000     1030.00000

   Energies (kJ/mol)
        LJ (SR)   Coulomb (SR)      Potential    Kinetic En.   Total Energy
    6.69821e+03   -2.89275e+04   -2.22293e+04    6.60553e+03   -1.56238e+04
  Conserved En.    Temperature Pressure (bar)
   -2.55842e+04    2.99741e+02    1.29248e+02


DD  step 519999  vol min/aver 0.699  load imb.: force  1.0%
           Step           Time
         520000     1040.00000

   Energies (kJ/mol)
        LJ (SR)   Coulomb (SR)      Potential    Kinetic En.   Total Energy
    6.36556e+03   -2.81977e+04   -2.18322e+04    6.65324e+03   -1.51789e+04
  Conserved En.    Temperature Pressure (bar)
   -2.56758e+04    3.01906e+02    1.57290e+01


DD  step 524999  vol min/aver 0.770  load imb.: force  3.1%
           Step           Time
         525000     1050.00000

   Energies (kJ/mol)
        LJ (SR)   Coulomb (SR)      Potential    Kinetic En.   Total Energy
    6.72350e+03   -2.88812e+04   -2.21577e+04    6.38056e+03   -1.57772e+04
  Conserved En.    Temperature Pressure (bar)
   -2.57458e+04    2.89532e+02    1.24697e+02


DD  step 529999  vol min/aver 0.842  load imb.: force  1.7%
           Step           Time
         530000     1060.00000

   Energies (kJ/mol)
        LJ (SR)   Coulomb (SR)      Potential    Kinetic En.   Total Energy
    6.53473e+03   -2.84193e+04   -2.18845e+04    6.75558e+03   -1.51289e+04
  Conserved En.    Temperature Pressure (bar)
   -2.58696e+04    3.06549e+02    1.49717e+02


DD  step 534999  vol min/aver 0.824  load imb.: force  1.9%
           Step           Time
         535000     1070.00000

   Energies (kJ/mol)
        LJ (SR)   Coulomb (SR)      Potential    Kinetic En.   Total Energy
    6.21417e+03   -2.84222e+04   -2.22080e+04    6.49556e+03   -1.57125e+04
  Conserved En.    Temperature Pressure (bar)
   -2.59519e+04    2.94751e+02   -1.01882e+02


DD  step 539999  vol min/aver 0.893  load imb.: force  2.0%
           Step           Time
         540000     1080.00000

   Energies (kJ/mol)
        LJ (SR)   Coulomb (SR)      Potential    Kinetic En.   Total Energy
    6.12227e+03   -2.81958e+04   -2.20736e+04    6.60607e+03   -1.54675e+04
  Conserved En.    Temperature Pressure (bar)
   -2.60800e+04    2.99765e+02   -2.18814e+02


DD  step 544999  vol min/aver 0.831  load imb.: force  2.9%
           Step           Time
         545000     1090.00000

   Energies (kJ/mol)
        LJ (SR)   Coulomb (SR)      Potential    Kinetic En.   Total Energy
    6.34887e+03   -2.83830e+04   -2.20342e+04    6.45589e+03   -1.55783e+04
  Conserved En.    Temperature Pressure (bar)
   -2.61574e+04    2.92950e+02   -4.80304e+01


DD  step 549999  vol min/aver 0.809  load imb.: force  2.4%
           Step           Time
         550000     1100.00000

   Energies (kJ/mol)
        LJ (SR)   Coulomb (SR)      Potential    Kinetic En.   Total Energy
    6.41063e+03   -2.83604e+04   -2.19498e+04    6.99044e+03   -1.49594e+04
  Conserved En.    Temperature Pressure (bar)
   -2.62208e+04    3.17207e+02   -4.40254e+00


DD  step 554999  vol min/aver 0.781  load imb.: force  1.2%
           Step           Time
         555000     1110.00000

   Energies (kJ/mol)
        LJ (SR)   Coulomb (SR)      Potential    Kinetic En.   Total Energy
    6.70350e+03   -2.91629e+04   -2.24594e+04    6.79730e+03   -1.56621e+04
  Conserved En.    Temperature Pressure (bar)
   -2.63536e+04    3.08443e+02    6.01258e+01


DD  step 559999  vol min/aver 0.762  load imb.: force  1.0%
           Step           Time
         560000     1120.00000

   Energies (kJ/mol)
        LJ (SR)   Coulomb (SR)      Potential    Kinetic En.   Total Energy
    6.25926e+03   -2.82748e+04   -2.20156e+04    6.67407e+03   -1.53415e+04
  Conserved En.    Temperature Pressure (bar)
   -2.64699e+04    3.02851e+02   -7.05608e+01


DD  step 564999  vol min/aver 0.715  load imb.: force  1.5%
           Step           Time
         565000     1130.00000

   Energies (kJ/mol)
        LJ (SR)   Coulomb (SR)      Potential    Kinetic En.   Total Energy
    6.42289e+03   -2.82813e+04   -2.18584e+04    6.69981e+03   -1.51586e+04
  Conserved En.    Temperature Pressure (bar)
   -2.65608e+04    3.04019e+02    9.08807e+01


DD  step 569999  vol min/aver 0.811  load imb.: force  1.9%
           Step           Time
         570000     1140.00000

   Energies (kJ/mol)
        LJ (SR)   Coulomb (SR)      Potential    Kinetic En.   Total Energy
    6.64723e+03   -2.88256e+04   -2.21784e+04    6.62294e+03   -1.55554e+04
  Conserved En.    Temperature Pressure (bar)
   -2.66667e+04    3.00531e+02    1.45327e+02


DD  step 574999  vol min/aver 0.708  load imb.: force  1.0%
           Step           Time
         575000     1150.00000

   Energies (kJ/mol)
        LJ (SR)   Coulomb (SR)      Potential    Kinetic En.   Total Energy
    6.22272e+03   -2.87489e+04   -2.25262e+04    6.58697e+03   -1.59393e+04
  Conserved En.    Temperature Pressure (bar)
   -2.67318e+04    2.98898e+02   -2.85287e+02


DD  step 579999  vol min/aver 0.739  load imb.: force  1.5%
           Step           Time
         580000     1160.00000

   Energies (kJ/mol)
        LJ (SR)   Coulomb (SR)      Potential    Kinetic En.   Total Energy
    6.36219e+03   -2.86999e+04   -2.23377e+04    6.72053e+03   -1.56172e+04
  Conserved En.    Temperature Pressure (bar)
   -2.68638e+04    3.04959e+02   -6.08762e+01


DD  step 584999  vol min/aver 0.610  load imb.: force  3.6%
           Step           Time
         585000     1170.00000

   Energies (kJ/mol)
        LJ (SR)   Coulomb (SR)      Potential    Kinetic En.   Total Energy
    6.62944e+03   -2.88183e+04   -2.21888e+04    6.62957e+03   -1.55593e+04
  Conserved En.    Temperature Pressure (bar)
   -2.69614e+04    3.00832e+02    4.98126e+01


DD  step 589999  vol min/aver 0.646  load imb.: force  1.2%
           Step           Time
         590000     1180.00000

   Energies (kJ/mol)
        LJ (SR)   Coulomb (SR)      Potential    Kinetic En.   Total Energy
    6.55912e+03   -2.87952e+04   -2.22361e+04    6.47742e+03   -1.57586e+04
  Conserved En.    Temperature Pressure (bar)
   -2.70711e+04    2.93927e+02    2.64092e+01


DD  step 594999  vol min/aver 0.663  load imb.: force  2.5%
           Step           Time
         595000     1190.00000

   Energies (kJ/mol)
        LJ (SR)   Coulomb (SR)      Potential    Kinetic En.   Total Energy
    6.66319e+03   -2.87957e+04   -2.21325e+04    6.49746e+03   -1.56351e+04
  Conserved En.    Temperature Pressure (bar)
   -2.71558e+04    2.94837e+02    1.31450e+02


DD  step 599999  vol min/aver 0.699  load imb.: force  4.3%
           Step           Time
         600000     1200.00000

   Energies (kJ/mol)
        LJ (SR)   Coulomb (SR)      Potential    Kinetic En.   Total Energy
    6.32975e+03   -2.85017e+04   -2.21720e+04    6.77599e+03   -1.53960e+04
  Conserved En.    Temperature Pressure (bar)
   -2.72702e+04    3.07476e+02   -6.60550e+01


DD  step 604999  vol min/aver 0.650  load imb.: force  4.6%
           Step           Time
         605000     1210.00000

   Energies (kJ/mol)
        LJ (SR)   Coulomb (SR)      Potential    Kinetic En.   Total Energy
    6.52773e+03   -2.87374e+04   -2.22096e+04    6.62508e+03   -1.55845e+04
  Conserved En.    Temperature Pressure (bar)
   -2.73531e+04    3.00628e+02    5.89037e+00


DD  step 609999  vol min/aver 0.675  load imb.: force  1.4%
           Step           Time
         610000     1220.00000

   Energies (kJ/mol)
        LJ (SR)   Coulomb (SR)      Potential    Kinetic En.   Total Energy
    6.50685e+03   -2.85308e+04   -2.20239e+04    6.87292e+03   -1.51510e+04
  Conserved En.    Temperature Pressure (bar)
   -2.74373e+04    3.11874e+02    1.13718e+02


DD  step 614999  vol min/aver 0.746  load imb.: force  4.1%
           Step           Time
         615000     1230.00000

   Energies (kJ/mol)
        LJ (SR)   Coulomb (SR)      Potential    Kinetic En.   Total Energy
    6.42161e+03   -2.86128e+04   -2.21912e+04    6.61674e+03   -1.55745e+04
  Conserved En.    Temperature Pressure (bar)
   -2.75311e+04    3.00249e+02   -1.84222e+01


DD  step 619999  vol min/aver 0.777  load imb.: force  2.2%
           Step           Time
         620000     1240.00000

   Energies (kJ/mol)
        LJ (SR)   Coulomb (SR)      Potential    Kinetic En.   Total Energy
    6.37554e+03   -2.85458e+04   -2.21703e+04    6.73025e+03   -1.54400e+04
  Conserved En.    Temperature Pressure (bar)
   -2.76641e+04    3.05400e+02   -2.99150e+01


DD  step 624999  vol min/aver 0.654  load imb.: force  1.5%
           Step           Time
         625000     1250.00000

   Energies (kJ/mol)
        LJ (SR)   Coulomb (SR)      Potential    Kinetic En.   Total Energy
    6.63066e+03   -2.85373e+04   -2.19066e+04    6.64873e+03   -1.52579e+04
  Conserved En.    Temperature Pressure (bar)
   -2.77383e+04    3.01701e+02    1.78084e+02


DD  step 629999  vol min/aver 0.657  load imb.: force  2.6%
           Step           Time
         630000     1260.00000

   Energies (kJ/mol)
        LJ (SR)   Coulomb (SR)      Potential    Kinetic En.   Total Energy
    6.46877e+03   -2.83474e+04   -2.18787e+04    6.51853e+03   -1.53601e+04
  Conserved En.    Temperature Pressure (bar)
   -2.78362e+04    2.95793e+02    6.75752e+01


DD  step 634999  vol min/aver 0.790  load imb.: force  2.5%
           Step           Time
         635000     1270.00000

   Energies (kJ/mol)
        LJ (SR)   Coulomb (SR)      Potential    Kinetic En.   Total Energy
    6.01712e+03   -2.77539e+04   -2.17368e+04    6.68439e+03   -1.50524e+04
  Conserved En.    Temperature Pressure (bar)
   -2.79166e+04    3.03319e+02   -1.49841e+02


DD  step 639999  vol min/aver 0.659  load imb.: force  3.0%
           Step           Time
         640000     1280.00000

   Energies (kJ/mol)
        LJ (SR)   Coulomb (SR)      Potential    Kinetic En.   Total Energy
    6.45191e+03   -2.83295e+04   -2.18776e+04    6.51656e+03   -1.53610e+04
  Conserved En.    Temperature Pressure (bar)
   -2.80281e+04    2.95704e+02    2.67703e+01


DD  step 644999  vol min/aver 0.674  load imb.: force  3.2%
           Step           Time
         645000     1290.00000

   Energies (kJ/mol)
        LJ (SR)   Coulomb (SR)      Potential    Kinetic En.   Total Energy
    6.66002e+03   -2.84624e+04   -2.18024e+04    6.53984e+03   -1.52625e+04
  Conserved En.    Temperature Pressure (bar)
   -2.81263e+04    2.96760e+02    2.22482e+02


DD  step 649999  vol min/aver 0.725  load imb.: force  2.8%
           Step           Time
         650000     1300.00000

   Energies (kJ/mol)
        LJ (SR)   Coulomb (SR)      Potential    Kinetic En.   Total Energy
    6.23809e+03   -2.83208e+04   -2.20828e+04    6.59073e+03   -1.54920e+04
  Conserved En.    Temperature Pressure (bar)
   -2.82486e+04    2.99069e+02   -7.64843e+01


DD  step 654999  vol min/aver 0.712  load imb.: force  2.5%
           Step           Time
         655000     1310.00000

   Energies (kJ/mol)
        LJ (SR)   Coulomb (SR)      Potential    Kinetic En.   Total Energy
    6.14000e+03   -2.82549e+04   -2.21149e+04    6.49991e+03   -1.56150e+04
  Conserved En.    Temperature Pressure (bar)
   -2.83341e+04    2.94948e+02   -1.97720e+02


DD  step 659999  vol min/aver 0.753  load imb.: force  1.6%
           Step           Time
         660000     1320.00000

   Energies (kJ/mol)
        LJ (SR)   Coulomb (SR)      Potential    Kinetic En.   Total Energy
    6.44998e+03   -2.86761e+04   -2.22261e+04    6.67470e+03   -1.55514e+04
  Conserved En.    Temperature Pressure (bar)
   -2.84370e+04    3.02880e+02    2.37979e+01


DD  step 664999  vol min/aver 0.804  load imb.: force  1.2%
           Step           Time
         665000     1330.00000

   Energies (kJ/mol)
        LJ (SR)   Coulomb (SR)      Potential    Kinetic En.   Total Energy
    6.81797e+03   -2.89536e+04   -2.21357e+04    6.55327e+03   -1.55824e+04
  Conserved En.    Temperature Pressure (bar)
   -2.85366e+04    2.97369e+02    2.19381e+02


DD  step 669999  vol min/aver 0.650  load imb.: force  2.7%
           Step           Time
         670000     1340.00000

   Energies (kJ/mol)
        LJ (SR)   Coulomb (SR)      Potential    Kinetic En.   Total Energy
    6.36707e+03   -2.79738e+04   -2.16067e+04    6.44465e+03   -1.51620e+04
  Conserved En.    Temperature Pressure (bar)
   -2.86651e+04    2.92440e+02    5.48424e+01


DD  step 674999  vol min/aver 0.699  load imb.: force  1.1%
           Step           Time
         675000     1350.00000

   Energies (kJ/mol)
        LJ (SR)   Coulomb (SR)      Potential    Kinetic En.   Total Energy
    6.39480e+03   -2.82934e+04   -2.18986e+04    6.66465e+03   -1.52340e+04
  Conserved En.    Temperature Pressure (bar)
   -2.87431e+04    3.02423e+02   -2.26249e+00


DD  step 679999  vol min/aver 0.608  load imb.: force  2.1%
           Step           Time
         680000     1360.00000

   Energies (kJ/mol)
        LJ (SR)   Coulomb (SR)      Potential    Kinetic En.   Total Energy
    6.45032e+03   -2.85647e+04   -2.21144e+04    6.50621e+03   -1.56081e+04
  Conserved En.    Temperature Pressure (bar)
   -2.88608e+04    2.95234e+02    4.30718e+01


DD  step 684999  vol min/aver 0.566  load imb.: force  1.5%
           Step           Time
         685000     1370.00000

   Energies (kJ/mol)
        LJ (SR)   Coulomb (SR)      Potential    Kinetic En.   Total Energy
    6.10033e+03   -2.80327e+04   -2.19323e+04    6.63839e+03   -1.52939e+04
  Conserved En.    Temperature Pressure (bar)
   -2.89599e+04    3.01232e+02   -1.96163e+02


DD  step 689999  vol min/aver 0.769  load imb.: force  2.6%
           Step           Time
         690000     1380.00000

   Energies (kJ/mol)
        LJ (SR)   Coulomb (SR)      Potential    Kinetic En.   Total Energy
    6.26847e+03   -2.80375e+04   -2.17690e+04    6.52940e+03   -1.52396e+04
  Conserved En.    Temperature Pressure (bar)
   -2.90092e+04    2.96286e+02   -2.36585e+01


DD  step 694999  vol min/aver 0.702  load imb.: force  1.2%
           Step           Time
         695000     1390.00000

   Energies (kJ/mol)
        LJ (SR)   Coulomb (SR)      Potential    Kinetic En.   Total Energy
    6.64846e+03   -2.86972e+04   -2.20487e+04    6.35927e+03   -1.56894e+04
  Conserved En.    Temperature Pressure (bar)
   -2.91552e+04    2.88566e+02    1.65620e+02


DD  step 699999  vol min/aver 0.666  load imb.: force  1.1%
           Step           Time
         700000     1400.00000

   Energies (kJ/mol)
        LJ (SR)   Coulomb (SR)      Potential    Kinetic En.   Total Energy
    6.34932e+03   -2.81552e+04   -2.18058e+04    6.91170e+03   -1.48941e+04
  Conserved En.    Temperature Pressure (bar)
   -2.92252e+04    3.13634e+02    4.00965e+01


DD  step 704999  vol min/aver 0.785  load imb.: force  2.5%
           Step           Time
         705000     1410.00000

   Energies (kJ/mol)
        LJ (SR)   Coulomb (SR)      Potential    Kinetic En.   Total Energy
    6.45158e+03   -2.84009e+04   -2.19493e+04    6.35305e+03   -1.55962e+04
  Conserved En.    Temperature Pressure (bar)
   -2.93415e+04    2.88284e+02    1.57403e+01


DD  step 709999  vol min/aver 0.799  load imb.: force  2.3%
           Step           Time
         710000     1420.00000

   Energies (kJ/mol)
        LJ (SR)   Coulomb (SR)      Potential    Kinetic En.   Total Energy
    5.99319e+03   -2.74117e+04   -2.14185e+04    6.75169e+03   -1.46668e+04
  Conserved En.    Temperature Pressure (bar)
   -2.94500e+04    3.06373e+02   -1.96933e+02


step 713400 Turning off dynamic load balancing, because it is degrading performance.
Atom distribution over 6 domains: av 442 stddev 109 min 288 max 561

DD  step 714999 load imb.: force 34.9%
           Step           Time
         715000     1430.00000

   Energies (kJ/mol)
        LJ (SR)   Coulomb (SR)      Potential    Kinetic En.   Total Energy
    6.17468e+03   -2.82937e+04   -2.21190e+04    6.57816e+03   -1.55408e+04
  Conserved En.    Temperature Pressure (bar)
   -2.95191e+04    2.98499e+02   -1.84793e+02


DD  step 719999 load imb.: force 32.9%
           Step           Time
         720000     1440.00000

   Energies (kJ/mol)
        LJ (SR)   Coulomb (SR)      Potential    Kinetic En.   Total Energy
    6.35219e+03   -2.86941e+04   -2.23420e+04    6.71937e+03   -1.56226e+04
  Conserved En.    Temperature Pressure (bar)
   -2.96564e+04    3.04907e+02   -4.84277e+01


DD  step 724999 load imb.: force 23.0%
           Step           Time
         725000     1450.00000

   Energies (kJ/mol)
        LJ (SR)   Coulomb (SR)      Potential    Kinetic En.   Total Energy
    6.00953e+03   -2.75115e+04   -2.15019e+04    6.41756e+03   -1.50844e+04
  Conserved En.    Temperature Pressure (bar)
   -2.97416e+04    2.91211e+02   -1.44495e+02


DD  step 729999 load imb.: force 43.9%
           Step           Time
         730000     1460.00000

   Energies (kJ/mol)
        LJ (SR)   Coulomb (SR)      Potential    Kinetic En.   Total Energy
    6.75288e+03   -2.87964e+04   -2.20435e+04    6.64084e+03   -1.54027e+04
  Conserved En.    Temperature Pressure (bar)
   -2.98345e+04    3.01343e+02    1.23135e+02


DD  step 734999 load imb.: force 28.2%
           Step           Time
         735000     1470.00000

   Energies (kJ/mol)
        LJ (SR)   Coulomb (SR)      Potential    Kinetic En.   Total Energy
    6.08579e+03   -2.80085e+04   -2.19227e+04    6.61404e+03   -1.53086e+04
  Conserved En.    Temperature Pressure (bar)
   -2.99257e+04    3.00127e+02   -1.60519e+02


DD  step 739999 load imb.: force 33.6%
           Step           Time
         740000     1480.00000

   Energies (kJ/mol)
        LJ (SR)   Coulomb (SR)      Potential    Kinetic En.   Total Energy
    6.36136e+03   -2.82945e+04   -2.19331e+04    6.43353e+03   -1.54996e+04
  Conserved En.    Temperature Pressure (bar)
   -3.00092e+04    2.91936e+02    1.33511e+01


DD  step 744999 load imb.: force 49.7%
           Step           Time
         745000     1490.00000

   Energies (kJ/mol)
        LJ (SR)   Coulomb (SR)      Potential    Kinetic En.   Total Energy
    6.34670e+03   -2.79242e+04   -2.15775e+04    6.59851e+03   -1.49790e+04
  Conserved En.    Temperature Pressure (bar)
   -3.01095e+04    2.99422e+02    4.00534e+01


DD  step 749999 load imb.: force 54.6%
           Step           Time
         750000     1500.00000

   Energies (kJ/mol)
        LJ (SR)   Coulomb (SR)      Potential    Kinetic En.   Total Energy
    6.41455e+03   -2.88087e+04   -2.23941e+04    6.96492e+03   -1.54292e+04
  Conserved En.    Temperature Pressure (bar)
   -3.02398e+04    3.16049e+02   -3.82850e+01


DD  step 754999 load imb.: force 62.0%
           Step           Time
         755000     1510.00000

   Energies (kJ/mol)
        LJ (SR)   Coulomb (SR)      Potential    Kinetic En.   Total Energy
    6.01160e+03   -2.77166e+04   -2.17050e+04    6.62526e+03   -1.50797e+04
  Conserved En.    Temperature Pressure (bar)
   -3.03429e+04    3.00636e+02   -1.86487e+02


DD  step 759999 load imb.: force 44.5%
           Step           Time
         760000     1520.00000

   Energies (kJ/mol)
        LJ (SR)   Coulomb (SR)      Potential    Kinetic En.   Total Energy
    6.29873e+03   -2.80531e+04   -2.17543e+04    6.72293e+03   -1.50314e+04
  Conserved En.    Temperature Pressure (bar)
   -3.04176e+04    3.05068e+02    4.85057e+01


DD  step 764999 load imb.: force 25.8%
           Step           Time
         765000     1530.00000

   Energies (kJ/mol)
        LJ (SR)   Coulomb (SR)      Potential    Kinetic En.   Total Energy
    6.35537e+03   -2.79265e+04   -2.15711e+04    6.52221e+03   -1.50489e+04
  Conserved En.    Temperature Pressure (bar)
   -3.04902e+04    2.95960e+02   -2.34615e+01


DD  step 769999 load imb.: force 55.2%
           Step           Time
         770000     1540.00000

   Energies (kJ/mol)
        LJ (SR)   Coulomb (SR)      Potential    Kinetic En.   Total Energy
    6.26929e+03   -2.83141e+04   -2.20448e+04    6.74011e+03   -1.53047e+04
  Conserved En.    Temperature Pressure (bar)
   -3.06329e+04    3.05848e+02   -5.05882e+01


DD  step 774999 load imb.: force 40.8%
           Step           Time
         775000     1550.00000

   Energies (kJ/mol)
        LJ (SR)   Coulomb (SR)      Potential    Kinetic En.   Total Energy
    6.48838e+03   -2.86136e+04   -2.21252e+04    6.58035e+03   -1.55449e+04
  Conserved En.    Temperature Pressure (bar)
   -3.07060e+04    2.98598e+02    7.13739e+01


DD  step 779999 load imb.: force 41.2%
           Step           Time
         780000     1560.00000

   Energies (kJ/mol)
        LJ (SR)   Coulomb (SR)      Potential    Kinetic En.   Total Energy
    6.37417e+03   -2.81957e+04   -2.18215e+04    6.51062e+03   -1.53109e+04
  Conserved En.    Temperature Pressure (bar)
   -3.08036e+04    2.95434e+02    7.78249e+01


DD  step 784999 load imb.: force 39.6%
           Step           Time
         785000     1570.00000

   Energies (kJ/mol)
        LJ (SR)   Coulomb (SR)      Potential    Kinetic En.   Total Energy
    6.42171e+03   -2.82362e+04   -2.18145e+04    6.49337e+03   -1.53211e+04
  Conserved En.    Temperature Pressure (bar)
   -3.09198e+04    2.94651e+02    4.85492e+01


DD  step 789999 load imb.: force 46.3%
           Step           Time
         790000     1580.00000

   Energies (kJ/mol)
        LJ (SR)   Coulomb (SR)      Potential    Kinetic En.   Total Energy
    6.44564e+03   -2.85761e+04   -2.21304e+04    6.69396e+03   -1.54365e+04
  Conserved En.    Temperature Pressure (bar)
   -3.10275e+04    3.03753e+02   -3.07977e+01


DD  step 794999 load imb.: force 37.3%
           Step           Time
         795000     1590.00000

   Energies (kJ/mol)
        LJ (SR)   Coulomb (SR)      Potential    Kinetic En.   Total Energy
    6.50687e+03   -2.87019e+04   -2.21951e+04    6.67691e+03   -1.55181e+04
  Conserved En.    Temperature Pressure (bar)
   -3.11229e+04    3.02980e+02    6.08254e+01


DD  step 799999 load imb.: force 30.0%
           Step           Time
         800000     1600.00000

   Energies (kJ/mol)
        LJ (SR)   Coulomb (SR)      Potential    Kinetic En.   Total Energy
    6.61726e+03   -2.86258e+04   -2.20085e+04    6.69953e+03   -1.53090e+04
  Conserved En.    Temperature Pressure (bar)
   -3.12360e+04    3.04006e+02    1.42524e+02


DD  step 804999 load imb.: force 25.5%
           Step           Time
         805000     1610.00000

   Energies (kJ/mol)
        LJ (SR)   Coulomb (SR)      Potential    Kinetic En.   Total Energy
    6.37425e+03   -2.79448e+04   -2.15705e+04    6.59456e+03   -1.49760e+04
  Conserved En.    Temperature Pressure (bar)
   -3.13378e+04    2.99243e+02    7.67488e+01


DD  step 809999 load imb.: force 45.4%
           Step           Time
         810000     1620.00000

   Energies (kJ/mol)
        LJ (SR)   Coulomb (SR)      Potential    Kinetic En.   Total Energy
    6.29516e+03   -2.85411e+04   -2.22459e+04    6.62190e+03   -1.56240e+04
  Conserved En.    Temperature Pressure (bar)
   -3.14241e+04    3.00484e+02   -1.04796e+02


DD  step 814999 load imb.: force 27.2%
           Step           Time
         815000     1630.00000

   Energies (kJ/mol)
        LJ (SR)   Coulomb (SR)      Potential    Kinetic En.   Total Energy
    6.40925e+03   -2.84081e+04   -2.19989e+04    6.83142e+03   -1.51675e+04
  Conserved En.    Temperature Pressure (bar)
   -3.15235e+04    3.09991e+02    1.82839e+00


DD  step 819999 load imb.: force 20.6%
           Step           Time
         820000     1640.00000

   Energies (kJ/mol)
        LJ (SR)   Coulomb (SR)      Potential    Kinetic En.   Total Energy
    6.18440e+03   -2.81318e+04   -2.19474e+04    6.62148e+03   -1.53260e+04
  Conserved En.    Temperature Pressure (bar)
   -3.16280e+04    3.00465e+02   -1.87939e+02


DD  step 824999 load imb.: force 20.2%
           Step           Time
         825000     1650.00000

   Energies (kJ/mol)
        LJ (SR)   Coulomb (SR)      Potential    Kinetic En.   Total Energy
    6.40530e+03   -2.81561e+04   -2.17508e+04    6.57358e+03   -1.51772e+04
  Conserved En.    Temperature Pressure (bar)
   -3.17196e+04    2.98291e+02    1.96597e+01


DD  step 829999 load imb.: force 21.1%
           Step           Time
         830000     1660.00000

   Energies (kJ/mol)
        LJ (SR)   Coulomb (SR)      Potential    Kinetic En.   Total Energy
    5.93015e+03   -2.75236e+04   -2.15935e+04    6.60397e+03   -1.49895e+04
  Conserved En.    Temperature Pressure (bar)
   -3.17995e+04    2.99670e+02   -2.03738e+02


DD  step 834999 load imb.: force 21.7%
           Step           Time
         835000     1670.00000

   Energies (kJ/mol)
        LJ (SR)   Coulomb (SR)      Potential    Kinetic En.   Total Energy
    6.34610e+03   -2.80917e+04   -2.17456e+04    6.66533e+03   -1.50802e+04
  Conserved En.    Temperature Pressure (bar)
   -3.19024e+04    3.02454e+02    1.10336e+01


DD  step 839999 load imb.: force 17.2%
           Step           Time
         840000     1680.00000

   Energies (kJ/mol)
        LJ (SR)   Coulomb (SR)      Potential    Kinetic En.   Total Energy
    6.64823e+03   -2.80699e+04   -2.14216e+04    6.56304e+03   -1.48586e+04
  Conserved En.    Temperature Pressure (bar)
   -3.20085e+04    2.97813e+02    2.19874e+02


DD  step 844999 load imb.: force 21.3%
           Step           Time
         845000     1690.00000

   Energies (kJ/mol)
        LJ (SR)   Coulomb (SR)      Potential    Kinetic En.   Total Energy
    6.39154e+03   -2.81936e+04   -2.18021e+04    6.60454e+03   -1.51975e+04
  Conserved En.    Temperature Pressure (bar)
   -3.20798e+04    2.99696e+02    3.61651e+01


DD  step 849999 load imb.: force 29.6%
           Step           Time
         850000     1700.00000

   Energies (kJ/mol)
        LJ (SR)   Coulomb (SR)      Potential    Kinetic En.   Total Energy
    6.51235e+03   -2.85188e+04   -2.20064e+04    6.51583e+03   -1.54906e+04
  Conserved En.    Temperature Pressure (bar)
   -3.22127e+04    2.95670e+02    9.10166e+00


DD  step 854999 load imb.: force 29.0%
           Step           Time
         855000     1710.00000

   Energies (kJ/mol)
        LJ (SR)   Coulomb (SR)      Potential    Kinetic En.   Total Energy
    5.84811e+03   -2.72814e+04   -2.14332e+04    6.52984e+03   -1.49034e+04
  Conserved En.    Temperature Pressure (bar)
   -3.22845e+04    2.96306e+02   -2.79593e+02


DD  step 859999 load imb.: force 35.9%
           Step           Time
         860000     1720.00000

   Energies (kJ/mol)
        LJ (SR)   Coulomb (SR)      Potential    Kinetic En.   Total Energy
    6.12514e+03   -2.77062e+04   -2.15811e+04    6.78950e+03   -1.47916e+04
  Conserved En.    Temperature Pressure (bar)
   -3.23475e+04    3.08089e+02   -1.15673e+02


DD  step 864999 load imb.: force 34.0%
           Step           Time
         865000     1730.00000

   Energies (kJ/mol)
        LJ (SR)   Coulomb (SR)      Potential    Kinetic En.   Total Energy
    6.69723e+03   -2.85372e+04   -2.18400e+04    6.73472e+03   -1.51052e+04
  Conserved En.    Temperature Pressure (bar)
   -3.24909e+04    3.05603e+02    2.22046e+02


DD  step 869999 load imb.: force 30.3%
           Step           Time
         870000     1740.00000

   Energies (kJ/mol)
        LJ (SR)   Coulomb (SR)      Potential    Kinetic En.   Total Energy
    6.34945e+03   -2.83695e+04   -2.20201e+04    6.52707e+03   -1.54930e+04
  Conserved En.    Temperature Pressure (bar)
   -3.25676e+04    2.96180e+02   -1.34851e+01


DD  step 874999 load imb.: force 26.5%
           Step           Time
         875000     1750.00000

   Energies (kJ/mol)
        LJ (SR)   Coulomb (SR)      Potential    Kinetic En.   Total Energy
    6.42513e+03   -2.82519e+04   -2.18268e+04    6.65333e+03   -1.51734e+04
  Conserved En.    Temperature Pressure (bar)
   -3.26736e+04    3.01910e+02    2.71817e+01


DD  step 879999 load imb.: force 38.6%
           Step           Time
         880000     1760.00000

   Energies (kJ/mol)
        LJ (SR)   Coulomb (SR)      Potential    Kinetic En.   Total Energy
    6.29030e+03   -2.79369e+04   -2.16466e+04    6.66750e+03   -1.49791e+04
  Conserved En.    Temperature Pressure (bar)
   -3.28057e+04    3.02553e+02   -2.00804e+01


DD  step 884999 load imb.: force 16.7%
           Step           Time
         885000     1770.00000

   Energies (kJ/mol)
        LJ (SR)   Coulomb (SR)      Potential    Kinetic En.   Total Energy
    6.25481e+03   -2.83549e+04   -2.21001e+04    6.52377e+03   -1.55764e+04
  Conserved En.    Temperature Pressure (bar)
   -3.28878e+04    2.96031e+02   -1.35344e+02


DD  step 889999 load imb.: force 10.4%
           Step           Time
         890000     1780.00000

   Energies (kJ/mol)
        LJ (SR)   Coulomb (SR)      Potential    Kinetic En.   Total Energy
    6.18115e+03   -2.81459e+04   -2.19648e+04    6.72444e+03   -1.52403e+04
  Conserved En.    Temperature Pressure (bar)
   -3.29945e+04    3.05137e+02   -1.51959e+02


DD  step 894999 load imb.: force 28.9%
           Step           Time
         895000     1790.00000

   Energies (kJ/mol)
        LJ (SR)   Coulomb (SR)      Potential    Kinetic En.   Total Energy
    6.60757e+03   -2.89654e+04   -2.23578e+04    6.52901e+03   -1.58288e+04
  Conserved En.    Temperature Pressure (bar)
   -3.30768e+04    2.96268e+02    2.55053e+01


DD  step 899999 load imb.: force 26.8%
           Step           Time
         900000     1800.00000

   Energies (kJ/mol)
        LJ (SR)   Coulomb (SR)      Potential    Kinetic En.   Total Energy
    6.51067e+03   -2.87364e+04   -2.22257e+04    6.46409e+03   -1.57617e+04
  Conserved En.    Temperature Pressure (bar)
   -3.31670e+04    2.93322e+02   -1.65301e+01


DD  step 904999 load imb.: force 27.0%
           Step           Time
         905000     1810.00000

   Energies (kJ/mol)
        LJ (SR)   Coulomb (SR)      Potential    Kinetic En.   Total Energy
    6.64763e+03   -2.91244e+04   -2.24767e+04    6.49547e+03   -1.59813e+04
  Conserved En.    Temperature Pressure (bar)
   -3.33154e+04    2.94747e+02    8.94760e+01


DD  step 909999 load imb.: force 16.5%
           Step           Time
         910000     1820.00000

   Energies (kJ/mol)
        LJ (SR)   Coulomb (SR)      Potential    Kinetic En.   Total Energy
    6.39702e+03   -2.86454e+04   -2.22484e+04    6.41890e+03   -1.58295e+04
  Conserved En.    Temperature Pressure (bar)
   -3.33728e+04    2.91272e+02   -7.85563e+01


DD  step 914999 load imb.: force 17.0%
           Step           Time
         915000     1830.00000

   Energies (kJ/mol)
        LJ (SR)   Coulomb (SR)      Potential    Kinetic En.   Total Energy
    6.34417e+03   -2.85032e+04   -2.21590e+04    6.56014e+03   -1.55989e+04
  Conserved En.    Temperature Pressure (bar)
   -3.34740e+04    2.97681e+02   -6.89694e+01


DD  step 919999 load imb.: force 28.1%
           Step           Time
         920000     1840.00000

   Energies (kJ/mol)
        LJ (SR)   Coulomb (SR)      Potential    Kinetic En.   Total Energy
    6.56336e+03   -2.86382e+04   -2.20748e+04    6.78928e+03   -1.52855e+04
  Conserved En.    Temperature Pressure (bar)
   -3.35849e+04    3.08079e+02    1.28297e+02


DD  step 924999 load imb.: force 17.8%
           Step           Time
         925000     1850.00000

   Energies (kJ/mol)
        LJ (SR)   Coulomb (SR)      Potential    Kinetic En.   Total Energy
    6.19228e+03   -2.80595e+04   -2.18672e+04    6.78456e+03   -1.50827e+04
  Conserved En.    Temperature Pressure (bar)
   -3.36908e+04    3.07865e+02   -1.18485e+02


DD  step 929999 load imb.: force 22.5%
           Step           Time
         930000     1860.00000

   Energies (kJ/mol)
        LJ (SR)   Coulomb (SR)      Potential    Kinetic En.   Total Energy
    6.17871e+03   -2.82600e+04   -2.20813e+04    6.54690e+03   -1.55344e+04
  Conserved En.    Temperature Pressure (bar)
   -3.37907e+04    2.97080e+02   -2.12392e+02


DD  step 934999 load imb.: force 36.9%
           Step           Time
         935000     1870.00000

   Energies (kJ/mol)
        LJ (SR)   Coulomb (SR)      Potential    Kinetic En.   Total Energy
    6.15028e+03   -2.78722e+04   -2.17219e+04    6.78852e+03   -1.49334e+04
  Conserved En.    Temperature Pressure (bar)
   -3.38812e+04    3.08044e+02   -7.43069e+01


DD  step 939999 load imb.: force 40.2%
           Step           Time
         940000     1880.00000

   Energies (kJ/mol)
        LJ (SR)   Coulomb (SR)      Potential    Kinetic En.   Total Energy
    6.14464e+03   -2.82271e+04   -2.20825e+04    6.62838e+03   -1.54541e+04
  Conserved En.    Temperature Pressure (bar)
   -3.39658e+04    3.00777e+02   -2.20713e+02


DD  step 944999 load imb.: force 43.2%
           Step           Time
         945000     1890.00000

   Energies (kJ/mol)
        LJ (SR)   Coulomb (SR)      Potential    Kinetic En.   Total Energy
    6.17481e+03   -2.78248e+04   -2.16500e+04    6.76709e+03   -1.48829e+04
  Conserved En.    Temperature Pressure (bar)
   -3.40355e+04    3.07072e+02   -8.69942e+01


DD  step 949999 load imb.: force 23.5%
           Step           Time
         950000     1900.00000

   Energies (kJ/mol)
        LJ (SR)   Coulomb (SR)      Potential    Kinetic En.   Total Energy
    6.51073e+03   -2.85961e+04   -2.20854e+04    6.61711e+03   -1.54683e+04
  Conserved En.    Temperature Pressure (bar)
   -3.41691e+04    3.00266e+02   -8.04565e+00


DD  step 954999 load imb.: force 22.5%
           Step           Time
         955000     1910.00000

   Energies (kJ/mol)
        LJ (SR)   Coulomb (SR)      Potential    Kinetic En.   Total Energy
    6.49364e+03   -2.86617e+04   -2.21680e+04    6.53501e+03   -1.56330e+04
  Conserved En.    Temperature Pressure (bar)
   -3.42917e+04    2.96541e+02    1.14171e+01


DD  step 959999 load imb.: force 35.4%
           Step           Time
         960000     1920.00000

   Energies (kJ/mol)
        LJ (SR)   Coulomb (SR)      Potential    Kinetic En.   Total Energy
    6.68196e+03   -2.88237e+04   -2.21418e+04    6.61135e+03   -1.55304e+04
  Conserved En.    Temperature Pressure (bar)
   -3.43734e+04    3.00005e+02    2.03801e+02


DD  step 964999 load imb.: force 19.5%
           Step           Time
         965000     1930.00000

   Energies (kJ/mol)
        LJ (SR)   Coulomb (SR)      Potential    Kinetic En.   Total Energy
    6.66436e+03   -2.84883e+04   -2.18239e+04    6.39104e+03   -1.54329e+04
  Conserved En.    Temperature Pressure (bar)
   -3.44721e+04    2.90008e+02    1.58485e+02


DD  step 969999 load imb.: force 22.6%
           Step           Time
         970000     1940.00000

   Energies (kJ/mol)
        LJ (SR)   Coulomb (SR)      Potential    Kinetic En.   Total Energy
    6.18202e+03   -2.82760e+04   -2.20940e+04    6.55609e+03   -1.55379e+04
  Conserved En.    Temperature Pressure (bar)
   -3.45633e+04    2.97497e+02   -1.28854e+02


DD  step 974999 load imb.: force 23.2%
           Step           Time
         975000     1950.00000

   Energies (kJ/mol)
        LJ (SR)   Coulomb (SR)      Potential    Kinetic En.   Total Energy
    6.35215e+03   -2.83425e+04   -2.19904e+04    6.60272e+03   -1.53876e+04
  Conserved En.    Temperature Pressure (bar)
   -3.46895e+04    2.99613e+02   -2.55586e+01


DD  step 979999 load imb.: force 29.7%
           Step           Time
         980000     1960.00000

   Energies (kJ/mol)
        LJ (SR)   Coulomb (SR)      Potential    Kinetic En.   Total Energy
    5.94336e+03   -2.73784e+04   -2.14350e+04    6.43964e+03   -1.49954e+04
  Conserved En.    Temperature Pressure (bar)
   -3.47723e+04    2.92213e+02   -2.21339e+02


DD  step 984999 load imb.: force 35.6%
           Step           Time
         985000     1970.00000

   Energies (kJ/mol)
        LJ (SR)   Coulomb (SR)      Potential    Kinetic En.   Total Energy
    6.65744e+03   -2.87425e+04   -2.20851e+04    6.57929e+03   -1.55058e+04
  Conserved En.    Temperature Pressure (bar)
   -3.48570e+04    2.98550e+02    2.03259e+02


DD  step 989999 load imb.: force 37.9%
           Step           Time
         990000     1980.00000

   Energies (kJ/mol)
        LJ (SR)   Coulomb (SR)      Potential    Kinetic En.   Total Energy
    6.44709e+03   -2.82308e+04   -2.17837e+04    6.84763e+03   -1.49361e+04
  Conserved En.    Temperature Pressure (bar)
   -3.49544e+04    3.10727e+02    3.09056e+01


DD  step 994999 load imb.: force 22.6%
           Step           Time
         995000     1990.00000

   Energies (kJ/mol)
        LJ (SR)   Coulomb (SR)      Potential    Kinetic En.   Total Energy
    6.52993e+03   -2.82222e+04   -2.16923e+04    6.58661e+03   -1.51057e+04
  Conserved En.    Temperature Pressure (bar)
   -3.50192e+04    2.98882e+02    7.96734e+01


DD  step 999999 load imb.: force 22.6%
           Step           Time
        1000000     2000.00000

Writing checkpoint, step 1000000 at Wed Mar 10 04:09:16 2021


   Energies (kJ/mol)
        LJ (SR)   Coulomb (SR)      Potential    Kinetic En.   Total Energy
    6.39402e+03   -2.86424e+04   -2.22484e+04    6.34972e+03   -1.58987e+04
  Conserved En.    Temperature Pressure (bar)
   -3.51749e+04    2.88133e+02   -9.75992e+01

	<======  ###############  ==>
	<====  A V E R A G E S  ====>
	<==  ###############  ======>

	Statistics over 1000001 steps using 10001 frames

   Energies (kJ/mol)
        LJ (SR)   Coulomb (SR)      Potential    Kinetic En.   Total Energy
    6.36826e+03   -2.83731e+04   -2.20048e+04    6.60846e+03   -1.53963e+04
  Conserved En.    Temperature Pressure (bar)
   -2.52446e+04    2.99873e+02   -3.39485e+01

   Total Virial (kJ/mol)
    2.37600e+03    2.27697e+00   -5.55147e+00
    2.03519e+00    2.31701e+03    1.38958e+00
   -5.69301e+00    1.38396e+00    2.18147e+03

   Pressure (bar)
   -6.98038e+01   -6.29422e-01    2.19392e+00
   -5.36857e-01   -4.03241e+01   -3.43005e-01
    2.24811e+00   -3.40857e-01    8.28245e+00


	M E G A - F L O P S   A C C O U N T I N G

 NB=Group-cutoff nonbonded kernels    NxN=N-by-N cluster Verlet kernels
 RF=Reaction-Field  VdW=Van der Waals  QSTab=quadratic-spline table
 W3=SPC/TIP3p  W4=TIP4p (single or pairs)
 V&F=Potential and force  V=Potential only  F=Force only

 Computing:                               M-Number         M-Flops  % Flops
-----------------------------------------------------------------------------
 NB VdW & Elec. [W3-W3,V&F]          105889.955768      105889.956     1.1
 NB VdW & Elec. [W3-W3,F]           9399187.459796     9399187.460    94.2
 NS-Pairs                              7286.128265      153008.694     1.5
 Reset In Box                            88.396464         265.189     0.0
 CG-CoM                                 265.205304         795.616     0.0
 Virial                                  29.222922         526.013     0.0
 Stop-CM                                 26.525304         265.253     0.0
 Calc-Ekin                              530.405304       14320.943     0.1
 Constraint-V                          2652.005304       21216.042     0.2
 Constraint-Vir                          26.522652         636.544     0.0
 Settle                                 884.002652      285532.857     2.9
-----------------------------------------------------------------------------
 Total                                                 9981644.566   100.0
-----------------------------------------------------------------------------


    D O M A I N   D E C O M P O S I T I O N   S T A T I S T I C S

 av. #atoms communicated per step for force:  2 x 2847.2


Dynamic load balancing report:
 DLB was off during the run due to low measured imbalance.
 Average load imbalance: 2.9%.
 The balanceable part of the MD step is 56%, load imbalance is computed from this.
 Part of the total run time spent waiting due to load imbalance: 1.6%.


     R E A L   C Y C L E   A N D   T I M E   A C C O U N T I N G

On 6 MPI ranks

 Computing:          Num   Num      Call    Wall time         Giga-Cycles
                     Ranks Threads  Count      (s)         total sum    %
-----------------------------------------------------------------------------
 Domain decomp.         6    1     100001       6.897        107.268   4.8
 DD comm. load          6    1      30088       0.056          0.864   0.0
 DD comm. bounds        6    1      29378       0.125          1.940   0.1
 Neighbor search        6    1     100001      18.635        289.809  12.9
 Comm. coord.           6    1    1000001       8.207        127.629   5.7
 Force                  6    1    1000001      81.486       1267.279  56.4
 Wait + Comm. F         6    1    1000001      20.120        312.902  13.9
 Write traj.            6    1        201       0.021          0.328   0.0
 Update                 6    1    1000001       1.658         25.779   1.1
 Constraints            6    1    1000003       3.456         53.750   2.4
 Comm. energies         6    1     100001       1.736         26.992   1.2
 Rest                                           1.965         30.560   1.4
-----------------------------------------------------------------------------
 Total                                        144.360       2245.101 100.0
-----------------------------------------------------------------------------

               Core t (s)   Wall t (s)        (%)
       Time:      866.160      144.360      600.0
                 (ns/day)    (hour/ns)
Performance:     1197.008        0.020
Finished mdrun on rank 0 Wed Mar 10 04:09:16 2021

