HPCG-Benchmark
version=3.1
Release date=March 28, 2019
Machine Summary=
Machine Summary::Distributed Processes=1
Machine Summary::Threads per processes=6
Global Problem Dimensions=
Global Problem Dimensions::Global nx=104
Global Problem Dimensions::Global ny=104
Global Problem Dimensions::Global nz=104
Processor Dimensions=
Processor Dimensions::npx=1
Processor Dimensions::npy=1
Processor Dimensions::npz=1
Local Domain Dimensions=
Local Domain Dimensions::nx=104
Local Domain Dimensions::ny=104
Local Domain Dimensions::Lower ipz=0
Local Domain Dimensions::Upper ipz=0
Local Domain Dimensions::nz=104
########## Problem Summary  ##########=
Setup Information=
Setup Information::Setup Time=2.36475
Linear System Information=
Linear System Information::Number of Equations=1124864
Linear System Information::Number of Nonzero Terms=29791000
Multigrid Information=
Multigrid Information::Number of coarse grid levels=3
Multigrid Information::Coarse Grids=
Multigrid Information::Coarse Grids::Grid Level=1
Multigrid Information::Coarse Grids::Number of Equations=140608
Multigrid Information::Coarse Grids::Number of Nonzero Terms=3652264
Multigrid Information::Coarse Grids::Number of Presmoother Steps=1
Multigrid Information::Coarse Grids::Number of Postsmoother Steps=1
Multigrid Information::Coarse Grids::Grid Level=2
Multigrid Information::Coarse Grids::Number of Equations=17576
Multigrid Information::Coarse Grids::Number of Nonzero Terms=438976
Multigrid Information::Coarse Grids::Number of Presmoother Steps=1
Multigrid Information::Coarse Grids::Number of Postsmoother Steps=1
Multigrid Information::Coarse Grids::Grid Level=3
Multigrid Information::Coarse Grids::Number of Equations=2197
Multigrid Information::Coarse Grids::Number of Nonzero Terms=50653
Multigrid Information::Coarse Grids::Number of Presmoother Steps=1
Multigrid Information::Coarse Grids::Number of Postsmoother Steps=1
########## Memory Use Summary  ##########=
Memory Use Information=
Memory Use Information::Total memory used for data (Gbytes)=0.80393
Memory Use Information::Memory used for OptimizeProblem data (Gbytes)=0
Memory Use Information::Bytes per equation (Total memory / Number of Equations)=714.691
Memory Use Information::Memory used for linear system and CG (Gbytes)=0.70754
Memory Use Information::Coarse Grids=
Memory Use Information::Coarse Grids::Grid Level=1
Memory Use Information::Coarse Grids::Memory used=0.0845059
Memory Use Information::Coarse Grids::Grid Level=2
Memory Use Information::Coarse Grids::Memory used=0.0105637
Memory Use Information::Coarse Grids::Grid Level=3
Memory Use Information::Coarse Grids::Memory used=0.0013209
########## V&V Testing Summary  ##########=
Spectral Convergence Tests=
Spectral Convergence Tests::Result=PASSED
Spectral Convergence Tests::Unpreconditioned=
Spectral Convergence Tests::Unpreconditioned::Maximum iteration count=11
Spectral Convergence Tests::Unpreconditioned::Expected iteration count=12
Spectral Convergence Tests::Preconditioned=
Spectral Convergence Tests::Preconditioned::Maximum iteration count=1
Spectral Convergence Tests::Preconditioned::Expected iteration count=2
Departure from Symmetry |x'Ay-y'Ax|/(2*||x||*||A||*||y||)/epsilon=
Departure from Symmetry |x'Ay-y'Ax|/(2*||x||*||A||*||y||)/epsilon::Result=PASSED
Departure from Symmetry |x'Ay-y'Ax|/(2*||x||*||A||*||y||)/epsilon::Departure for SpMV=2.48801e-08
Departure from Symmetry |x'Ay-y'Ax|/(2*||x||*||A||*||y||)/epsilon::Departure for MG=7.31768e-10
########## Iterations Summary  ##########=
Iteration Count Information=
Iteration Count Information::Result=PASSED
Iteration Count Information::Reference CG iterations per set=50
Iteration Count Information::Optimized CG iterations per set=50
Iteration Count Information::Total number of reference iterations=400
Iteration Count Information::Total number of optimized iterations=400
########## Reproducibility Summary  ##########=
Reproducibility Information=
Reproducibility Information::Result=PASSED
Reproducibility Information::Scaled residual mean=4.99963e-08
Reproducibility Information::Scaled residual variance=3.31783e-42
########## Performance Summary (times in sec) ##########=
Benchmark Time Summary=
Benchmark Time Summary::Optimization phase=1.26e-07
Benchmark Time Summary::DDOT=0.527303
Benchmark Time Summary::WAXPBY=0.964216
Benchmark Time Summary::SpMV=6.09136
Benchmark Time Summary::MG=58.2179
Benchmark Time Summary::Total=65.8066
Floating Point Operations Summary=
Floating Point Operations Summary::Raw DDOT=2.71767e+09
Floating Point Operations Summary::Raw WAXPBY=2.71767e+09
Floating Point Operations Summary::Raw SpMV=2.43095e+10
Floating Point Operations Summary::Raw MG=1.3561e+11
Floating Point Operations Summary::Total=1.65355e+11
Floating Point Operations Summary::Total with convergence overhead=1.65355e+11
GB/s Summary=
GB/s Summary::Raw Read B/W=15.4847
GB/s Summary::Raw Write B/W=3.57869
GB/s Summary::Raw Total B/W=19.0634
GB/s Summary::Total with convergence and optimization phase overhead=18.5307
GFLOP/s Summary=
GFLOP/s Summary::Raw DDOT=5.15391
GFLOP/s Summary::Raw WAXPBY=2.81853
GFLOP/s Summary::Raw SpMV=3.99081
GFLOP/s Summary::Raw MG=2.32935
GFLOP/s Summary::Raw Total=2.51274
GFLOP/s Summary::Total with convergence overhead=2.51274
GFLOP/s Summary::Total with convergence and optimization phase overhead=2.44252
User Optimization Overheads=
User Optimization Overheads::Optimization phase time (sec)=1.26e-07
User Optimization Overheads::Optimization phase time vs reference SpMV+MG time=8.0711e-07
DDOT Timing Variations=
DDOT Timing Variations::Min DDOT MPI_Allreduce time=0.00123278
DDOT Timing Variations::Max DDOT MPI_Allreduce time=0.00123278
DDOT Timing Variations::Avg DDOT MPI_Allreduce time=0.00123278
Final Summary=
Final Summary::HPCG result is VALID with a GFLOP/s rating of=2.44252
Final Summary::HPCG 2.4 rating for historical reasons is=2.51274
Final Summary::Reference version of ComputeDotProduct used=Performance results are most likely suboptimal
Final Summary::Reference version of ComputeSPMV used=Performance results are most likely suboptimal
Final Summary::Reference version of ComputeMG used and number of threads greater than 1=Performance results are severely suboptimal
Final Summary::Reference version of ComputeWAXPBY used=Performance results are most likely suboptimal
Final Summary::Results are valid but execution time (sec) is=65.8066
Final Summary::Official results execution time (sec) must be at least=1800
